Loading cli config from: "/Users/alec.savoy/.newton/newton-cli.toml"
================================================
========== Uploading All Policy Files ==========
================================================
Directory: "./sumsub/dist"
policyCodeHash: 0x35162b281b4f41cbac131f602fd9b485f9dbae9cdb411b9465132521ddcca10a

================================================
============ Upload policy.wasm ================
================================================
Uploading to Pinata IPFS path=./sumsub/dist/policy.wasm

=== IPFS Upload Results ===
IPFS Hash: bafybeibmjxiq6ulffjnmthcbqqwkj3hdkdw4lybytdzr5k2zqndtds4ceu
Direct IPFS Link gateway_link=https://orange-useful-booby-460.mypinata.cloud/bafybeibmjxiq6ulffjnmthcbqqwkj3hdkdw4lybytdzr5k2zqndtds4ceu
Public IPFS Link: https://ipfs.io/ipfs/bafybeibmjxiq6ulffjnmthcbqqwkj3hdkdw4lybytdzr5k2zqndtds4ceu

================================================
============== Upload policy.rego ==============
================================================
Uploading to Pinata IPFS path=./sumsub/dist/policy.rego

=== IPFS Upload Results ===
IPFS Hash: bafkreielwq7tofc4n4bl535sxltfk4ymtpmwqajnyujmkivnova42dqrpe
Direct IPFS Link gateway_link=https://orange-useful-booby-460.mypinata.cloud/bafkreielwq7tofc4n4bl535sxltfk4ymtpmwqajnyujmkivnova42dqrpe
Public IPFS Link: https://ipfs.io/ipfs/bafkreielwq7tofc4n4bl535sxltfk4ymtpmwqajnyujmkivnova42dqrpe

================================================
========== Upload params_schema.json ===========
================================================
Uploading to Pinata IPFS path=./sumsub/dist/params_schema.json

=== IPFS Upload Results ===
IPFS Hash: bafkreifuj73ylg7mu2zk36qjdvupj4drfhszxsfsc4g6okzh7eum47oqt4
Direct IPFS Link gateway_link=https://orange-useful-booby-460.mypinata.cloud/bafkreifuj73ylg7mu2zk36qjdvupj4drfhszxsfsc4g6okzh7eum47oqt4
Public IPFS Link: https://ipfs.io/ipfs/bafkreifuj73ylg7mu2zk36qjdvupj4drfhszxsfsc4g6okzh7eum47oqt4

================================================
========== Upload policy_metadata.json =========
================================================
Uploading to Pinata IPFS path=./sumsub/dist/policy_metadata.json

=== IPFS Upload Results ===
IPFS Hash: bafkreiatv4to35n7mj3frea4ydf3snmaqpujidaehdw436ympg2qcqyg6q
Direct IPFS Link gateway_link=https://orange-useful-booby-460.mypinata.cloud/bafkreiatv4to35n7mj3frea4ydf3snmaqpujidaehdw436ympg2qcqyg6q
Public IPFS Link: https://ipfs.io/ipfs/bafkreiatv4to35n7mj3frea4ydf3snmaqpujidaehdw436ympg2qcqyg6q

================================================
======== Upload policy_data_metadata.json ======
================================================
Uploading to Pinata IPFS path=./sumsub/dist/policy_data_metadata.json

=== IPFS Upload Results ===
IPFS Hash: bafkreifmmcrf4rtt54blnzpdevd5oo65gsiv5wi4uwuvqbd3rlorfiscdi
Direct IPFS Link gateway_link=https://orange-useful-booby-460.mypinata.cloud/bafkreifmmcrf4rtt54blnzpdevd5oo65gsiv5wi4uwuvqbd3rlorfiscdi
Public IPFS Link: https://ipfs.io/ipfs/bafkreifmmcrf4rtt54blnzpdevd5oo65gsiv5wi4uwuvqbd3rlorfiscdi

================================================
========== Upload secrets_schema.json ==========
================================================
Uploading to Pinata IPFS path=./sumsub/secrets_schema.json

=== IPFS Upload Results ===
IPFS Hash: bafkreibnx7vc5ph5rb6zrxqisgp6s2gvntlnrjbupnifzmixvdbted7s2m
Direct IPFS Link gateway_link=https://orange-useful-booby-460.mypinata.cloud/bafkreibnx7vc5ph5rb6zrxqisgp6s2gvntlnrjbupnifzmixvdbted7s2m
Public IPFS Link: https://ipfs.io/ipfs/bafkreibnx7vc5ph5rb6zrxqisgp6s2gvntlnrjbupnifzmixvdbted7s2m

================================================
========== Created policy_cids.json ============
================================================
Output file: "./sumsub/dist/policy_cids.json"

{
  "wasmCid": "bafybeibmjxiq6ulffjnmthcbqqwkj3hdkdw4lybytdzr5k2zqndtds4ceu",
  "policyCid": "bafkreielwq7tofc4n4bl535sxltfk4ymtpmwqajnyujmkivnova42dqrpe",
  "schemaCid": "bafkreifuj73ylg7mu2zk36qjdvupj4drfhszxsfsc4g6okzh7eum47oqt4",
  "entrypoint": "sumsub_kyc.allow",
  "policyMetadataCid": "bafkreiatv4to35n7mj3frea4ydf3snmaqpujidaehdw436ympg2qcqyg6q",
  "policyDataMetadataCid": "bafkreifmmcrf4rtt54blnzpdevd5oo65gsiv5wi4uwuvqbd3rlorfiscdi",
  "secretsSchemaCid": "bafkreibnx7vc5ph5rb6zrxqisgp6s2gvntlnrjbupnifzmixvdbted7s2m",
  "policyCodeHash": "0x35162b281b4f41cbac131f602fd9b485f9dbae9cdb411b9465132521ddcca10a"
}
Loading cli config from: "/Users/alec.savoy/.newton/newton-cli.toml"
Converting 300 seconds to blocks: block_time=12000ms (12s), result=25 blocks
Deploying policy data:
  wasmCid: bafybeibmjxiq6ulffjnmthcbqqwkj3hdkdw4lybytdzr5k2zqndtds4ceu
  secretsSchemaCid: bafkreibnx7vc5ph5rb6zrxqisgp6s2gvntlnrjbupnifzmixvdbted7s2m
  metadataCid: bafkreifmmcrf4rtt54blnzpdevd5oo65gsiv5wi4uwuvqbd3rlorfiscdi
  expireAfter: 25 blocks 

Policy data deployed successfully at address: 0x2A88fbA00B35D0ae478458300496F8C6479724EB
Policy Data Address: 0x2A88fbA00B35D0ae478458300496F8C6479724EB
Loading cli config from: "/Users/alec.savoy/.newton/newton-cli.toml"
Using policyCodeHash from policy_cids.json: 0x35162b281b4f41cbac131f602fd9b485f9dbae9cdb411b9465132521ddcca10a
Pinned policyCodeHash 0x35162b281b4f41cbac131f602fd9b485f9dbae9cdb411b9465132521ddcca10a in "./sumsub/dist/policy_cids.json"
Deploying policy:
  entrypoint: sumsub_kyc.allow
  policyCid: bafkreielwq7tofc4n4bl535sxltfk4ymtpmwqajnyujmkivnova42dqrpe
  schemaCid: bafkreifuj73ylg7mu2zk36qjdvupj4drfhszxsfsc4g6okzh7eum47oqt4
  policyData: [0x2a88fba00b35d0ae478458300496f8c6479724eb]
  metadataCid: bafkreiatv4to35n7mj3frea4ydf3snmaqpujidaehdw436ympg2qcqyg6q 

Policy deployed successfully at address: 0xdCAb384d6BF6FE895b47c3e56AbEf1e8C37c1f98
Loading cli config from: "/Users/alec.savoy/.newton/newton-cli.toml"
================================================
========== Uploading All Policy Files ==========
================================================
Directory: "./sumsub/dist"
policyCodeHash: 0x35162b281b4f41cbac131f602fd9b485f9dbae9cdb411b9465132521ddcca10a

================================================
============ Upload policy.wasm ================
================================================
Uploading to Pinata IPFS path=./sumsub/dist/policy.wasm

=== IPFS Upload Results ===
IPFS Hash: bafybeif6hccgsdeh4ybexgct4uax2buht5jkhkdhb3exmcok7zzzyt4qva
Direct IPFS Link gateway_link=https://orange-useful-booby-460.mypinata.cloud/bafybeif6hccgsdeh4ybexgct4uax2buht5jkhkdhb3exmcok7zzzyt4qva
Public IPFS Link: https://ipfs.io/ipfs/bafybeif6hccgsdeh4ybexgct4uax2buht5jkhkdhb3exmcok7zzzyt4qva

================================================
============== Upload policy.rego ==============
================================================
Uploading to Pinata IPFS path=./sumsub/dist/policy.rego

=== IPFS Upload Results ===
IPFS Hash: bafkreielwq7tofc4n4bl535sxltfk4ymtpmwqajnyujmkivnova42dqrpe
Direct IPFS Link gateway_link=https://orange-useful-booby-460.mypinata.cloud/bafkreielwq7tofc4n4bl535sxltfk4ymtpmwqajnyujmkivnova42dqrpe
Public IPFS Link: https://ipfs.io/ipfs/bafkreielwq7tofc4n4bl535sxltfk4ymtpmwqajnyujmkivnova42dqrpe

================================================
========== Upload params_schema.json ===========
================================================
Uploading to Pinata IPFS path=./sumsub/dist/params_schema.json

=== IPFS Upload Results ===
IPFS Hash: bafkreifuj73ylg7mu2zk36qjdvupj4drfhszxsfsc4g6okzh7eum47oqt4
Direct IPFS Link gateway_link=https://orange-useful-booby-460.mypinata.cloud/bafkreifuj73ylg7mu2zk36qjdvupj4drfhszxsfsc4g6okzh7eum47oqt4
Public IPFS Link: https://ipfs.io/ipfs/bafkreifuj73ylg7mu2zk36qjdvupj4drfhszxsfsc4g6okzh7eum47oqt4

================================================
========== Upload policy_metadata.json =========
================================================
Uploading to Pinata IPFS path=./sumsub/dist/policy_metadata.json

=== IPFS Upload Results ===
IPFS Hash: bafkreiatv4to35n7mj3frea4ydf3snmaqpujidaehdw436ympg2qcqyg6q
Direct IPFS Link gateway_link=https://orange-useful-booby-460.mypinata.cloud/bafkreiatv4to35n7mj3frea4ydf3snmaqpujidaehdw436ympg2qcqyg6q
Public IPFS Link: https://ipfs.io/ipfs/bafkreiatv4to35n7mj3frea4ydf3snmaqpujidaehdw436ympg2qcqyg6q

================================================
======== Upload policy_data_metadata.json ======
================================================
Uploading to Pinata IPFS path=./sumsub/dist/policy_data_metadata.json

=== IPFS Upload Results ===
IPFS Hash: bafkreifmmcrf4rtt54blnzpdevd5oo65gsiv5wi4uwuvqbd3rlorfiscdi
Direct IPFS Link gateway_link=https://orange-useful-booby-460.mypinata.cloud/bafkreifmmcrf4rtt54blnzpdevd5oo65gsiv5wi4uwuvqbd3rlorfiscdi
Public IPFS Link: https://ipfs.io/ipfs/bafkreifmmcrf4rtt54blnzpdevd5oo65gsiv5wi4uwuvqbd3rlorfiscdi

================================================
========== Upload secrets_schema.json ==========
================================================
Uploading to Pinata IPFS path=./sumsub/secrets_schema.json

=== IPFS Upload Results ===
IPFS Hash: bafkreibnx7vc5ph5rb6zrxqisgp6s2gvntlnrjbupnifzmixvdbted7s2m
Direct IPFS Link gateway_link=https://orange-useful-booby-460.mypinata.cloud/bafkreibnx7vc5ph5rb6zrxqisgp6s2gvntlnrjbupnifzmixvdbted7s2m
Public IPFS Link: https://ipfs.io/ipfs/bafkreibnx7vc5ph5rb6zrxqisgp6s2gvntlnrjbupnifzmixvdbted7s2m

================================================
========== Created policy_cids.json ============
================================================
Output file: "./sumsub/dist/policy_cids.json"

{
  "wasmCid": "bafybeif6hccgsdeh4ybexgct4uax2buht5jkhkdhb3exmcok7zzzyt4qva",
  "policyCid": "bafkreielwq7tofc4n4bl535sxltfk4ymtpmwqajnyujmkivnova42dqrpe",
  "schemaCid": "bafkreifuj73ylg7mu2zk36qjdvupj4drfhszxsfsc4g6okzh7eum47oqt4",
  "entrypoint": "sumsub_kyc.allow",
  "policyMetadataCid": "bafkreiatv4to35n7mj3frea4ydf3snmaqpujidaehdw436ympg2qcqyg6q",
  "policyDataMetadataCid": "bafkreifmmcrf4rtt54blnzpdevd5oo65gsiv5wi4uwuvqbd3rlorfiscdi",
  "secretsSchemaCid": "bafkreibnx7vc5ph5rb6zrxqisgp6s2gvntlnrjbupnifzmixvdbted7s2m",
  "policyCodeHash": "0x35162b281b4f41cbac131f602fd9b485f9dbae9cdb411b9465132521ddcca10a"
}
Loading cli config from: "/Users/alec.savoy/.newton/newton-cli.toml"
Converting 300 seconds to blocks: block_time=12000ms (12s), result=25 blocks
Deploying policy data:
  wasmCid: bafybeif6hccgsdeh4ybexgct4uax2buht5jkhkdhb3exmcok7zzzyt4qva
  secretsSchemaCid: bafkreibnx7vc5ph5rb6zrxqisgp6s2gvntlnrjbupnifzmixvdbted7s2m
  metadataCid: bafkreifmmcrf4rtt54blnzpdevd5oo65gsiv5wi4uwuvqbd3rlorfiscdi
  expireAfter: 25 blocks 

Policy data deployed successfully at address: 0x2732e07280120CF532e3DDA0024e80130b28b691
Policy Data Address: 0x2732e07280120CF532e3DDA0024e80130b28b691
Loading cli config from: "/Users/alec.savoy/.newton/newton-cli.toml"
Using policyCodeHash from policy_cids.json: 0x35162b281b4f41cbac131f602fd9b485f9dbae9cdb411b9465132521ddcca10a
Pinned policyCodeHash 0x35162b281b4f41cbac131f602fd9b485f9dbae9cdb411b9465132521ddcca10a in "./sumsub/dist/policy_cids.json"
Deploying policy:
  entrypoint: sumsub_kyc.allow
  policyCid: bafkreielwq7tofc4n4bl535sxltfk4ymtpmwqajnyujmkivnova42dqrpe
  schemaCid: bafkreifuj73ylg7mu2zk36qjdvupj4drfhszxsfsc4g6okzh7eum47oqt4
  policyData: [0x2732e07280120cf532e3dda0024e80130b28b691]
  metadataCid: bafkreiatv4to35n7mj3frea4ydf3snmaqpujidaehdw436ympg2qcqyg6q 

Policy deployed successfully at address: 0x63B5BAc7752f819D131B0DA5a9635d520DD0D428
=== Thu Jun 11 18:56:08 MDT 2026 :: sumsub sync source policy.rego -> dist ===
=== Thu Jun 11 18:56:08 MDT 2026 :: sumsub generate-cids ===
Loading cli config from: "/Users/alec.savoy/.newton/newton-cli.toml"
================================================
========== Uploading All Policy Files ==========
================================================
Directory: "./sumsub/dist"
policyCodeHash: 0xc8c9973aebf59bdc39363af9f87650fe58dba99c0ded280c8da8e0d3cec3d8de

================================================
============ Upload policy.wasm ================
================================================
Uploading to Pinata IPFS path=./sumsub/dist/policy.wasm

=== IPFS Upload Results ===
IPFS Hash: bafybeiequ725o55mlnasnacmtnslhiny5xsxlyvkr4sr4ehrqq75tlrzhm
Direct IPFS Link gateway_link=https://orange-useful-booby-460.mypinata.cloud/bafybeiequ725o55mlnasnacmtnslhiny5xsxlyvkr4sr4ehrqq75tlrzhm
Public IPFS Link: https://ipfs.io/ipfs/bafybeiequ725o55mlnasnacmtnslhiny5xsxlyvkr4sr4ehrqq75tlrzhm

================================================
============== Upload policy.rego ==============
================================================
Uploading to Pinata IPFS path=./sumsub/dist/policy.rego

=== IPFS Upload Results ===
IPFS Hash: bafkreiamyovx53ia5mz4byckh4csnbapmqq24cos2u4agtxdti7qyfvtse
Direct IPFS Link gateway_link=https://orange-useful-booby-460.mypinata.cloud/bafkreiamyovx53ia5mz4byckh4csnbapmqq24cos2u4agtxdti7qyfvtse
Public IPFS Link: https://ipfs.io/ipfs/bafkreiamyovx53ia5mz4byckh4csnbapmqq24cos2u4agtxdti7qyfvtse

================================================
========== Upload params_schema.json ===========
================================================
Uploading to Pinata IPFS path=./sumsub/dist/params_schema.json

=== IPFS Upload Results ===
IPFS Hash: bafkreifuj73ylg7mu2zk36qjdvupj4drfhszxsfsc4g6okzh7eum47oqt4
Direct IPFS Link gateway_link=https://orange-useful-booby-460.mypinata.cloud/bafkreifuj73ylg7mu2zk36qjdvupj4drfhszxsfsc4g6okzh7eum47oqt4
Public IPFS Link: https://ipfs.io/ipfs/bafkreifuj73ylg7mu2zk36qjdvupj4drfhszxsfsc4g6okzh7eum47oqt4

================================================
========== Upload policy_metadata.json =========
================================================
Uploading to Pinata IPFS path=./sumsub/dist/policy_metadata.json

=== IPFS Upload Results ===
IPFS Hash: bafkreiatv4to35n7mj3frea4ydf3snmaqpujidaehdw436ympg2qcqyg6q
Direct IPFS Link gateway_link=https://orange-useful-booby-460.mypinata.cloud/bafkreiatv4to35n7mj3frea4ydf3snmaqpujidaehdw436ympg2qcqyg6q
Public IPFS Link: https://ipfs.io/ipfs/bafkreiatv4to35n7mj3frea4ydf3snmaqpujidaehdw436ympg2qcqyg6q

================================================
======== Upload policy_data_metadata.json ======
================================================
Uploading to Pinata IPFS path=./sumsub/dist/policy_data_metadata.json

=== IPFS Upload Results ===
IPFS Hash: bafkreifmmcrf4rtt54blnzpdevd5oo65gsiv5wi4uwuvqbd3rlorfiscdi
Direct IPFS Link gateway_link=https://orange-useful-booby-460.mypinata.cloud/bafkreifmmcrf4rtt54blnzpdevd5oo65gsiv5wi4uwuvqbd3rlorfiscdi
Public IPFS Link: https://ipfs.io/ipfs/bafkreifmmcrf4rtt54blnzpdevd5oo65gsiv5wi4uwuvqbd3rlorfiscdi

================================================
========== Upload secrets_schema.json ==========
================================================
Uploading to Pinata IPFS path=./sumsub/secrets_schema.json

=== IPFS Upload Results ===
IPFS Hash: bafkreibnx7vc5ph5rb6zrxqisgp6s2gvntlnrjbupnifzmixvdbted7s2m
Direct IPFS Link gateway_link=https://orange-useful-booby-460.mypinata.cloud/bafkreibnx7vc5ph5rb6zrxqisgp6s2gvntlnrjbupnifzmixvdbted7s2m
Public IPFS Link: https://ipfs.io/ipfs/bafkreibnx7vc5ph5rb6zrxqisgp6s2gvntlnrjbupnifzmixvdbted7s2m

================================================
========== Created policy_cids.json ============
================================================
Output file: "./sumsub/dist/policy_cids.json"

{
  "wasmCid": "bafybeiequ725o55mlnasnacmtnslhiny5xsxlyvkr4sr4ehrqq75tlrzhm",
  "policyCid": "bafkreiamyovx53ia5mz4byckh4csnbapmqq24cos2u4agtxdti7qyfvtse",
  "schemaCid": "bafkreifuj73ylg7mu2zk36qjdvupj4drfhszxsfsc4g6okzh7eum47oqt4",
  "entrypoint": "sumsub_kyc.allow",
  "policyMetadataCid": "bafkreiatv4to35n7mj3frea4ydf3snmaqpujidaehdw436ympg2qcqyg6q",
  "policyDataMetadataCid": "bafkreifmmcrf4rtt54blnzpdevd5oo65gsiv5wi4uwuvqbd3rlorfiscdi",
  "secretsSchemaCid": "bafkreibnx7vc5ph5rb6zrxqisgp6s2gvntlnrjbupnifzmixvdbted7s2m",
  "policyCodeHash": "0xc8c9973aebf59bdc39363af9f87650fe58dba99c0ded280c8da8e0d3cec3d8de"
}
=== Thu Jun 11 18:56:21 MDT 2026 :: sumsub policy-data deploy ===
Loading cli config from: "/Users/alec.savoy/.newton/newton-cli.toml"
Converting 300 seconds to blocks: block_time=12000ms (12s), result=25 blocks
Deploying policy data:
  wasmCid: bafybeiequ725o55mlnasnacmtnslhiny5xsxlyvkr4sr4ehrqq75tlrzhm
  secretsSchemaCid: bafkreibnx7vc5ph5rb6zrxqisgp6s2gvntlnrjbupnifzmixvdbted7s2m
  metadataCid: bafkreifmmcrf4rtt54blnzpdevd5oo65gsiv5wi4uwuvqbd3rlorfiscdi
  expireAfter: 25 blocks 

Policy data deployed successfully at address: 0x700f4D614FE8f002C41DB517Aa675167E7AbE70f
Policy Data Address: 0x700f4D614FE8f002C41DB517Aa675167E7AbE70f
DATA_ADDR=0x700f4D614FE8f002C41DB517Aa675167E7AbE70f
=== Thu Jun 11 18:56:36 MDT 2026 :: sumsub policy deploy ===
Loading cli config from: "/Users/alec.savoy/.newton/newton-cli.toml"
Using policyCodeHash from policy_cids.json: 0xc8c9973aebf59bdc39363af9f87650fe58dba99c0ded280c8da8e0d3cec3d8de
Pinned policyCodeHash 0xc8c9973aebf59bdc39363af9f87650fe58dba99c0ded280c8da8e0d3cec3d8de in "./sumsub/dist/policy_cids.json"
Deploying policy:
  entrypoint: sumsub_kyc.allow
  policyCid: bafkreiamyovx53ia5mz4byckh4csnbapmqq24cos2u4agtxdti7qyfvtse
  schemaCid: bafkreifuj73ylg7mu2zk36qjdvupj4drfhszxsfsc4g6okzh7eum47oqt4
  policyData: [0x700f4d614fe8f002c41db517aa675167e7abe70f]
  metadataCid: bafkreiatv4to35n7mj3frea4ydf3snmaqpujidaehdw436ympg2qcqyg6q 

Policy deployed successfully at address: 0x2573C0B4DCd7ec40CF9eB9b4B71c5088886532ff
=== Thu Jun 11 18:57:05 MDT 2026 :: sumsub DONE ===
sumsub DATA=0x700f4D614FE8f002C41DB517Aa675167E7AbE70f POLICY=0x2573C0B4DCd7ec40CF9eB9b4B71c5088886532ff
wrote ./sumsub/dist/last_deploy.json
=== Sun Jun 14 13:21:10 PDT 2026 :: sumsub sync source policy.rego -> dist ===
=== Sun Jun 14 13:21:10 PDT 2026 :: sumsub generate-cids ===
Loading cli config from: "/Users/dennis.won/.newton/newton-cli.toml"
================================================
========== Uploading All Policy Files ==========
================================================
Directory: "./sumsub/dist"
policyCodeHash: 0x4b2f9b84045794a10fed8bd980f7e1c2893b31ddb9039496c6c716676584a9c6

================================================
============ Upload policy.wasm ================
================================================
Uploading to Pinata IPFS path=./sumsub/dist/policy.wasm

=== IPFS Upload Results ===
IPFS Hash: bafybeigk7pjxtkbrnlqg7yixoms3ykjogsicrrgsihh35nyvk54cgxvrla
Direct IPFS Link gateway_link=ipfs.newt.foundation/bafybeigk7pjxtkbrnlqg7yixoms3ykjogsicrrgsihh35nyvk54cgxvrla
Public IPFS Link: https://ipfs.io/ipfs/bafybeigk7pjxtkbrnlqg7yixoms3ykjogsicrrgsihh35nyvk54cgxvrla

================================================
============== Upload policy.rego ==============
================================================
Uploading to Pinata IPFS path=./sumsub/dist/policy.rego

=== IPFS Upload Results ===
IPFS Hash: bafkreigfmedmph5fp33ug5trnwgcl766lilrh3jsppy7t6lrxmlkoqsnlu
Direct IPFS Link gateway_link=ipfs.newt.foundation/bafkreigfmedmph5fp33ug5trnwgcl766lilrh3jsppy7t6lrxmlkoqsnlu
Public IPFS Link: https://ipfs.io/ipfs/bafkreigfmedmph5fp33ug5trnwgcl766lilrh3jsppy7t6lrxmlkoqsnlu

================================================
========== Upload params_schema.json ===========
================================================
Uploading to Pinata IPFS path=./sumsub/dist/params_schema.json

=== IPFS Upload Results ===
IPFS Hash: bafkreifuj73ylg7mu2zk36qjdvupj4drfhszxsfsc4g6okzh7eum47oqt4
Direct IPFS Link gateway_link=ipfs.newt.foundation/bafkreifuj73ylg7mu2zk36qjdvupj4drfhszxsfsc4g6okzh7eum47oqt4
Public IPFS Link: https://ipfs.io/ipfs/bafkreifuj73ylg7mu2zk36qjdvupj4drfhszxsfsc4g6okzh7eum47oqt4

================================================
========== Upload policy_metadata.json =========
================================================
Uploading to Pinata IPFS path=./sumsub/dist/policy_metadata.json

=== IPFS Upload Results ===
IPFS Hash: bafkreiatv4to35n7mj3frea4ydf3snmaqpujidaehdw436ympg2qcqyg6q
Direct IPFS Link gateway_link=ipfs.newt.foundation/bafkreiatv4to35n7mj3frea4ydf3snmaqpujidaehdw436ympg2qcqyg6q
Public IPFS Link: https://ipfs.io/ipfs/bafkreiatv4to35n7mj3frea4ydf3snmaqpujidaehdw436ympg2qcqyg6q

================================================
======== Upload policy_data_metadata.json ======
================================================
Uploading to Pinata IPFS path=./sumsub/dist/policy_data_metadata.json

=== IPFS Upload Results ===
IPFS Hash: bafkreifmmcrf4rtt54blnzpdevd5oo65gsiv5wi4uwuvqbd3rlorfiscdi
Direct IPFS Link gateway_link=ipfs.newt.foundation/bafkreifmmcrf4rtt54blnzpdevd5oo65gsiv5wi4uwuvqbd3rlorfiscdi
Public IPFS Link: https://ipfs.io/ipfs/bafkreifmmcrf4rtt54blnzpdevd5oo65gsiv5wi4uwuvqbd3rlorfiscdi

================================================
========== Upload secrets_schema.json ==========
================================================
Uploading to Pinata IPFS path=./sumsub/secrets_schema.json

=== IPFS Upload Results ===
IPFS Hash: bafkreibnx7vc5ph5rb6zrxqisgp6s2gvntlnrjbupnifzmixvdbted7s2m
Direct IPFS Link gateway_link=ipfs.newt.foundation/bafkreibnx7vc5ph5rb6zrxqisgp6s2gvntlnrjbupnifzmixvdbted7s2m
Public IPFS Link: https://ipfs.io/ipfs/bafkreibnx7vc5ph5rb6zrxqisgp6s2gvntlnrjbupnifzmixvdbted7s2m

================================================
========== Created policy_cids.json ============
================================================
Output file: "./sumsub/dist/policy_cids.json"

{
  "wasmCid": "bafybeigk7pjxtkbrnlqg7yixoms3ykjogsicrrgsihh35nyvk54cgxvrla",
  "policyCid": "bafkreigfmedmph5fp33ug5trnwgcl766lilrh3jsppy7t6lrxmlkoqsnlu",
  "schemaCid": "bafkreifuj73ylg7mu2zk36qjdvupj4drfhszxsfsc4g6okzh7eum47oqt4",
  "entrypoint": "sumsub_kyc.allow",
  "policyMetadataCid": "bafkreiatv4to35n7mj3frea4ydf3snmaqpujidaehdw436ympg2qcqyg6q",
  "policyDataMetadataCid": "bafkreifmmcrf4rtt54blnzpdevd5oo65gsiv5wi4uwuvqbd3rlorfiscdi",
  "secretsSchemaCid": "bafkreibnx7vc5ph5rb6zrxqisgp6s2gvntlnrjbupnifzmixvdbted7s2m",
  "policyCodeHash": "0x4b2f9b84045794a10fed8bd980f7e1c2893b31ddb9039496c6c716676584a9c6"
}
=== Sun Jun 14 13:21:23 PDT 2026 :: sumsub policy-data deploy ===
Loading cli config from: "/Users/dennis.won/.newton/newton-cli.toml"
Converting 300 seconds to blocks: block_time=12000ms (12s), result=25 blocks
Deploying policy data:
  wasmCid: bafybeigk7pjxtkbrnlqg7yixoms3ykjogsicrrgsihh35nyvk54cgxvrla
  secretsSchemaCid: bafkreibnx7vc5ph5rb6zrxqisgp6s2gvntlnrjbupnifzmixvdbted7s2m
  metadataCid: bafkreifmmcrf4rtt54blnzpdevd5oo65gsiv5wi4uwuvqbd3rlorfiscdi
  expireAfter: 25 blocks 

Policy data deployed successfully at address: 0x2De2bfe212ec11D9a7E9F3125662c38e8efaA91C
Policy Data Address: 0x2De2bfe212ec11D9a7E9F3125662c38e8efaA91C
DATA_ADDR=0x2De2bfe212ec11D9a7E9F3125662c38e8efaA91C
=== Sun Jun 14 13:21:39 PDT 2026 :: sumsub policy deploy ===
Loading cli config from: "/Users/dennis.won/.newton/newton-cli.toml"
Using policyCodeHash from policy_cids.json: 0x4b2f9b84045794a10fed8bd980f7e1c2893b31ddb9039496c6c716676584a9c6
Pinned policyCodeHash 0x4b2f9b84045794a10fed8bd980f7e1c2893b31ddb9039496c6c716676584a9c6 in "./sumsub/dist/policy_cids.json"
Deploying policy:
  entrypoint: sumsub_kyc.allow
  policyCid: bafkreigfmedmph5fp33ug5trnwgcl766lilrh3jsppy7t6lrxmlkoqsnlu
  schemaCid: bafkreifuj73ylg7mu2zk36qjdvupj4drfhszxsfsc4g6okzh7eum47oqt4
  policyData: [0x2de2bfe212ec11d9a7e9f3125662c38e8efaa91c]
  metadataCid: bafkreiatv4to35n7mj3frea4ydf3snmaqpujidaehdw436ympg2qcqyg6q 

Policy deployed successfully at address: 0x005bC8ddF9a27DbC7b2Fa250c413a5E794cad873
=== Sun Jun 14 13:21:54 PDT 2026 :: sumsub DONE ===
sumsub DATA=0x2De2bfe212ec11D9a7E9F3125662c38e8efaA91C POLICY=0x005bC8ddF9a27DbC7b2Fa250c413a5E794cad873
wrote ./sumsub/dist/last_deploy.json
=== Sun Jun 14 14:51:26 PDT 2026 :: sumsub sync source policy.rego -> dist ===
=== Sun Jun 14 14:51:26 PDT 2026 :: sumsub generate-cids ===
Loading cli config from: "/Users/dennis.won/.newton/newton-cli.toml"
================================================
========== Uploading All Policy Files ==========
================================================
Directory: "./sumsub/dist"
policyCodeHash: 0x4b2f9b84045794a10fed8bd980f7e1c2893b31ddb9039496c6c716676584a9c6

================================================
============ Upload policy.wasm ================
================================================
Uploading to Pinata IPFS path=./sumsub/dist/policy.wasm

=== IPFS Upload Results ===
IPFS Hash: bafybeiakcv6giozppqaudc7z7f2sz6x2frcgv564zqmu5ls7lbfiwx3n4i
Direct IPFS Link gateway_link=ipfs.newt.foundation/bafybeiakcv6giozppqaudc7z7f2sz6x2frcgv564zqmu5ls7lbfiwx3n4i
Public IPFS Link: https://ipfs.io/ipfs/bafybeiakcv6giozppqaudc7z7f2sz6x2frcgv564zqmu5ls7lbfiwx3n4i

================================================
============== Upload policy.rego ==============
================================================
Uploading to Pinata IPFS path=./sumsub/dist/policy.rego

=== IPFS Upload Results ===
IPFS Hash: bafkreigfmedmph5fp33ug5trnwgcl766lilrh3jsppy7t6lrxmlkoqsnlu
Direct IPFS Link gateway_link=ipfs.newt.foundation/bafkreigfmedmph5fp33ug5trnwgcl766lilrh3jsppy7t6lrxmlkoqsnlu
Public IPFS Link: https://ipfs.io/ipfs/bafkreigfmedmph5fp33ug5trnwgcl766lilrh3jsppy7t6lrxmlkoqsnlu

================================================
========== Upload params_schema.json ===========
================================================
Uploading to Pinata IPFS path=./sumsub/dist/params_schema.json

=== IPFS Upload Results ===
IPFS Hash: bafkreifuj73ylg7mu2zk36qjdvupj4drfhszxsfsc4g6okzh7eum47oqt4
Direct IPFS Link gateway_link=ipfs.newt.foundation/bafkreifuj73ylg7mu2zk36qjdvupj4drfhszxsfsc4g6okzh7eum47oqt4
Public IPFS Link: https://ipfs.io/ipfs/bafkreifuj73ylg7mu2zk36qjdvupj4drfhszxsfsc4g6okzh7eum47oqt4

================================================
========== Upload policy_metadata.json =========
================================================
Uploading to Pinata IPFS path=./sumsub/dist/policy_metadata.json

=== IPFS Upload Results ===
IPFS Hash: bafkreiatv4to35n7mj3frea4ydf3snmaqpujidaehdw436ympg2qcqyg6q
Direct IPFS Link gateway_link=ipfs.newt.foundation/bafkreiatv4to35n7mj3frea4ydf3snmaqpujidaehdw436ympg2qcqyg6q
Public IPFS Link: https://ipfs.io/ipfs/bafkreiatv4to35n7mj3frea4ydf3snmaqpujidaehdw436ympg2qcqyg6q

================================================
======== Upload policy_data_metadata.json ======
================================================
Uploading to Pinata IPFS path=./sumsub/dist/policy_data_metadata.json

=== IPFS Upload Results ===
IPFS Hash: bafkreifmmcrf4rtt54blnzpdevd5oo65gsiv5wi4uwuvqbd3rlorfiscdi
Direct IPFS Link gateway_link=ipfs.newt.foundation/bafkreifmmcrf4rtt54blnzpdevd5oo65gsiv5wi4uwuvqbd3rlorfiscdi
Public IPFS Link: https://ipfs.io/ipfs/bafkreifmmcrf4rtt54blnzpdevd5oo65gsiv5wi4uwuvqbd3rlorfiscdi

================================================
========== Upload secrets_schema.json ==========
================================================
Uploading to Pinata IPFS path=./sumsub/secrets_schema.json

=== IPFS Upload Results ===
IPFS Hash: bafkreibnx7vc5ph5rb6zrxqisgp6s2gvntlnrjbupnifzmixvdbted7s2m
Direct IPFS Link gateway_link=ipfs.newt.foundation/bafkreibnx7vc5ph5rb6zrxqisgp6s2gvntlnrjbupnifzmixvdbted7s2m
Public IPFS Link: https://ipfs.io/ipfs/bafkreibnx7vc5ph5rb6zrxqisgp6s2gvntlnrjbupnifzmixvdbted7s2m

================================================
========== Created policy_cids.json ============
================================================
Output file: "./sumsub/dist/policy_cids.json"

{
  "wasmCid": "bafybeiakcv6giozppqaudc7z7f2sz6x2frcgv564zqmu5ls7lbfiwx3n4i",
  "policyCid": "bafkreigfmedmph5fp33ug5trnwgcl766lilrh3jsppy7t6lrxmlkoqsnlu",
  "schemaCid": "bafkreifuj73ylg7mu2zk36qjdvupj4drfhszxsfsc4g6okzh7eum47oqt4",
  "entrypoint": "sumsub_kyc.allow",
  "policyMetadataCid": "bafkreiatv4to35n7mj3frea4ydf3snmaqpujidaehdw436ympg2qcqyg6q",
  "policyDataMetadataCid": "bafkreifmmcrf4rtt54blnzpdevd5oo65gsiv5wi4uwuvqbd3rlorfiscdi",
  "secretsSchemaCid": "bafkreibnx7vc5ph5rb6zrxqisgp6s2gvntlnrjbupnifzmixvdbted7s2m",
  "policyCodeHash": "0x4b2f9b84045794a10fed8bd980f7e1c2893b31ddb9039496c6c716676584a9c6"
}
=== Sun Jun 14 14:51:35 PDT 2026 :: sumsub policy-data deploy ===
Loading cli config from: "/Users/dennis.won/.newton/newton-cli.toml"
Converting 300 seconds to blocks: block_time=12000ms (12s), result=25 blocks
Deploying policy data:
  wasmCid: bafybeiakcv6giozppqaudc7z7f2sz6x2frcgv564zqmu5ls7lbfiwx3n4i
  secretsSchemaCid: bafkreibnx7vc5ph5rb6zrxqisgp6s2gvntlnrjbupnifzmixvdbted7s2m
  metadataCid: bafkreifmmcrf4rtt54blnzpdevd5oo65gsiv5wi4uwuvqbd3rlorfiscdi
  expireAfter: 25 blocks 

Policy data deployed successfully at address: 0x162Cbdaac3C72975CE4f03286164f2dC2398E98D
Policy Data Address: 0x162Cbdaac3C72975CE4f03286164f2dC2398E98D
DATA_ADDR=0x162Cbdaac3C72975CE4f03286164f2dC2398E98D
=== Sun Jun 14 14:51:51 PDT 2026 :: sumsub policy deploy ===
Loading cli config from: "/Users/dennis.won/.newton/newton-cli.toml"
Using policyCodeHash from policy_cids.json: 0x4b2f9b84045794a10fed8bd980f7e1c2893b31ddb9039496c6c716676584a9c6
Pinned policyCodeHash 0x4b2f9b84045794a10fed8bd980f7e1c2893b31ddb9039496c6c716676584a9c6 in "./sumsub/dist/policy_cids.json"
Deploying policy:
  entrypoint: sumsub_kyc.allow
  policyCid: bafkreigfmedmph5fp33ug5trnwgcl766lilrh3jsppy7t6lrxmlkoqsnlu
  schemaCid: bafkreifuj73ylg7mu2zk36qjdvupj4drfhszxsfsc4g6okzh7eum47oqt4
  policyData: [0x162cbdaac3c72975ce4f03286164f2dc2398e98d]
  metadataCid: bafkreiatv4to35n7mj3frea4ydf3snmaqpujidaehdw436ympg2qcqyg6q 

Policy deployed successfully at address: 0x08542A6e76C4C18e0f98805842b3d5664125C508
=== Sun Jun 14 14:52:20 PDT 2026 :: sumsub DONE ===
sumsub DATA=0x162Cbdaac3C72975CE4f03286164f2dC2398E98D POLICY=0x08542A6e76C4C18e0f98805842b3d5664125C508
wrote ./sumsub/dist/last_deploy.json
=== Sun Jun 14 15:02:55 PDT 2026 :: sumsub sync source policy.rego -> dist ===
=== Sun Jun 14 15:02:55 PDT 2026 :: sumsub generate-cids ===
Loading cli config from: "/Users/dennis.won/.newton/newton-cli.toml"
================================================
========== Uploading All Policy Files ==========
================================================
Directory: "./sumsub/dist"
policyCodeHash: 0x4b2f9b84045794a10fed8bd980f7e1c2893b31ddb9039496c6c716676584a9c6

================================================
============ Upload policy.wasm ================
================================================
Uploading to Pinata IPFS path=./sumsub/dist/policy.wasm

=== IPFS Upload Results ===
IPFS Hash: bafybeic2aitx2iq2ikfjetvch3j3ltbmjig6bvooot3fccoxtrva3vgsdy
Direct IPFS Link gateway_link=ipfs.newt.foundation/bafybeic2aitx2iq2ikfjetvch3j3ltbmjig6bvooot3fccoxtrva3vgsdy
Public IPFS Link: https://ipfs.io/ipfs/bafybeic2aitx2iq2ikfjetvch3j3ltbmjig6bvooot3fccoxtrva3vgsdy

================================================
============== Upload policy.rego ==============
================================================
Uploading to Pinata IPFS path=./sumsub/dist/policy.rego

=== IPFS Upload Results ===
IPFS Hash: bafkreigfmedmph5fp33ug5trnwgcl766lilrh3jsppy7t6lrxmlkoqsnlu
Direct IPFS Link gateway_link=ipfs.newt.foundation/bafkreigfmedmph5fp33ug5trnwgcl766lilrh3jsppy7t6lrxmlkoqsnlu
Public IPFS Link: https://ipfs.io/ipfs/bafkreigfmedmph5fp33ug5trnwgcl766lilrh3jsppy7t6lrxmlkoqsnlu

================================================
========== Upload params_schema.json ===========
================================================
Uploading to Pinata IPFS path=./sumsub/dist/params_schema.json

=== IPFS Upload Results ===
IPFS Hash: bafkreifuj73ylg7mu2zk36qjdvupj4drfhszxsfsc4g6okzh7eum47oqt4
Direct IPFS Link gateway_link=ipfs.newt.foundation/bafkreifuj73ylg7mu2zk36qjdvupj4drfhszxsfsc4g6okzh7eum47oqt4
Public IPFS Link: https://ipfs.io/ipfs/bafkreifuj73ylg7mu2zk36qjdvupj4drfhszxsfsc4g6okzh7eum47oqt4

================================================
========== Upload policy_metadata.json =========
================================================
Uploading to Pinata IPFS path=./sumsub/dist/policy_metadata.json

=== IPFS Upload Results ===
IPFS Hash: bafkreiatv4to35n7mj3frea4ydf3snmaqpujidaehdw436ympg2qcqyg6q
Direct IPFS Link gateway_link=ipfs.newt.foundation/bafkreiatv4to35n7mj3frea4ydf3snmaqpujidaehdw436ympg2qcqyg6q
Public IPFS Link: https://ipfs.io/ipfs/bafkreiatv4to35n7mj3frea4ydf3snmaqpujidaehdw436ympg2qcqyg6q

================================================
======== Upload policy_data_metadata.json ======
================================================
Uploading to Pinata IPFS path=./sumsub/dist/policy_data_metadata.json

=== IPFS Upload Results ===
IPFS Hash: bafkreifmmcrf4rtt54blnzpdevd5oo65gsiv5wi4uwuvqbd3rlorfiscdi
Direct IPFS Link gateway_link=ipfs.newt.foundation/bafkreifmmcrf4rtt54blnzpdevd5oo65gsiv5wi4uwuvqbd3rlorfiscdi
Public IPFS Link: https://ipfs.io/ipfs/bafkreifmmcrf4rtt54blnzpdevd5oo65gsiv5wi4uwuvqbd3rlorfiscdi

================================================
========== Upload secrets_schema.json ==========
================================================
Uploading to Pinata IPFS path=./sumsub/secrets_schema.json

=== IPFS Upload Results ===
IPFS Hash: bafkreibnx7vc5ph5rb6zrxqisgp6s2gvntlnrjbupnifzmixvdbted7s2m
Direct IPFS Link gateway_link=ipfs.newt.foundation/bafkreibnx7vc5ph5rb6zrxqisgp6s2gvntlnrjbupnifzmixvdbted7s2m
Public IPFS Link: https://ipfs.io/ipfs/bafkreibnx7vc5ph5rb6zrxqisgp6s2gvntlnrjbupnifzmixvdbted7s2m

================================================
========== Created policy_cids.json ============
================================================
Output file: "./sumsub/dist/policy_cids.json"

{
  "wasmCid": "bafybeic2aitx2iq2ikfjetvch3j3ltbmjig6bvooot3fccoxtrva3vgsdy",
  "policyCid": "bafkreigfmedmph5fp33ug5trnwgcl766lilrh3jsppy7t6lrxmlkoqsnlu",
  "schemaCid": "bafkreifuj73ylg7mu2zk36qjdvupj4drfhszxsfsc4g6okzh7eum47oqt4",
  "entrypoint": "sumsub_kyc.allow",
  "policyMetadataCid": "bafkreiatv4to35n7mj3frea4ydf3snmaqpujidaehdw436ympg2qcqyg6q",
  "policyDataMetadataCid": "bafkreifmmcrf4rtt54blnzpdevd5oo65gsiv5wi4uwuvqbd3rlorfiscdi",
  "secretsSchemaCid": "bafkreibnx7vc5ph5rb6zrxqisgp6s2gvntlnrjbupnifzmixvdbted7s2m",
  "policyCodeHash": "0x4b2f9b84045794a10fed8bd980f7e1c2893b31ddb9039496c6c716676584a9c6"
}
=== Sun Jun 14 15:03:04 PDT 2026 :: sumsub policy-data deploy ===
Loading cli config from: "/Users/dennis.won/.newton/newton-cli.toml"
Converting 300 seconds to blocks: block_time=2000ms (2s), result=150 blocks
Deploying policy data:
  wasmCid: bafybeic2aitx2iq2ikfjetvch3j3ltbmjig6bvooot3fccoxtrva3vgsdy
  secretsSchemaCid: bafkreibnx7vc5ph5rb6zrxqisgp6s2gvntlnrjbupnifzmixvdbted7s2m
  metadataCid: bafkreifmmcrf4rtt54blnzpdevd5oo65gsiv5wi4uwuvqbd3rlorfiscdi
  expireAfter: 150 blocks 

Policy data deployed successfully at address: 0xD90556a2D9658C3e8669d49D94B1C8c9FD52a11C
Policy Data Address: 0xD90556a2D9658C3e8669d49D94B1C8c9FD52a11C
DATA_ADDR=0xD90556a2D9658C3e8669d49D94B1C8c9FD52a11C
=== Sun Jun 14 15:03:12 PDT 2026 :: sumsub policy deploy ===
Loading cli config from: "/Users/dennis.won/.newton/newton-cli.toml"
Using policyCodeHash from policy_cids.json: 0x4b2f9b84045794a10fed8bd980f7e1c2893b31ddb9039496c6c716676584a9c6
Pinned policyCodeHash 0x4b2f9b84045794a10fed8bd980f7e1c2893b31ddb9039496c6c716676584a9c6 in "./sumsub/dist/policy_cids.json"
Deploying policy:
  entrypoint: sumsub_kyc.allow
  policyCid: bafkreigfmedmph5fp33ug5trnwgcl766lilrh3jsppy7t6lrxmlkoqsnlu
  schemaCid: bafkreifuj73ylg7mu2zk36qjdvupj4drfhszxsfsc4g6okzh7eum47oqt4
  policyData: [0xd90556a2d9658c3e8669d49d94b1c8c9fd52a11c]
  metadataCid: bafkreiatv4to35n7mj3frea4ydf3snmaqpujidaehdw436ympg2qcqyg6q 

Policy deployed successfully at address: 0x8e96f5aA0a657CfBb568E3c1F85f33387ff49ba7
=== Sun Jun 14 15:03:12 PDT 2026 :: sumsub DONE ===
sumsub DATA=0xD90556a2D9658C3e8669d49D94B1C8c9FD52a11C POLICY=0x8e96f5aA0a657CfBb568E3c1F85f33387ff49ba7
wrote ./sumsub/dist/last_deploy.json
=== Sun Jun 14 15:30:56 PDT 2026 :: sumsub sync source policy.rego -> dist ===
=== Sun Jun 14 15:30:56 PDT 2026 :: sumsub generate-cids ===
Loading cli config from: "/Users/dennis.won/.newton/newton-cli.toml"
================================================
========== Uploading All Policy Files ==========
================================================
Directory: "./sumsub/dist"
policyCodeHash: 0x4b2f9b84045794a10fed8bd980f7e1c2893b31ddb9039496c6c716676584a9c6

================================================
============ Upload policy.wasm ================
================================================
Uploading to Pinata IPFS path=./sumsub/dist/policy.wasm

=== IPFS Upload Results ===
IPFS Hash: bafybeie5scxkeo3zuisbbzctt5e6v5mbwlmq45yedrzhiek2npxtrgg3vm
Direct IPFS Link gateway_link=ipfs.newt.foundation/bafybeie5scxkeo3zuisbbzctt5e6v5mbwlmq45yedrzhiek2npxtrgg3vm
Public IPFS Link: https://ipfs.io/ipfs/bafybeie5scxkeo3zuisbbzctt5e6v5mbwlmq45yedrzhiek2npxtrgg3vm

================================================
============== Upload policy.rego ==============
================================================
Uploading to Pinata IPFS path=./sumsub/dist/policy.rego

=== IPFS Upload Results ===
IPFS Hash: bafkreigfmedmph5fp33ug5trnwgcl766lilrh3jsppy7t6lrxmlkoqsnlu
Direct IPFS Link gateway_link=ipfs.newt.foundation/bafkreigfmedmph5fp33ug5trnwgcl766lilrh3jsppy7t6lrxmlkoqsnlu
Public IPFS Link: https://ipfs.io/ipfs/bafkreigfmedmph5fp33ug5trnwgcl766lilrh3jsppy7t6lrxmlkoqsnlu

================================================
========== Upload params_schema.json ===========
================================================
Uploading to Pinata IPFS path=./sumsub/dist/params_schema.json

=== IPFS Upload Results ===
IPFS Hash: bafkreifuj73ylg7mu2zk36qjdvupj4drfhszxsfsc4g6okzh7eum47oqt4
Direct IPFS Link gateway_link=ipfs.newt.foundation/bafkreifuj73ylg7mu2zk36qjdvupj4drfhszxsfsc4g6okzh7eum47oqt4
Public IPFS Link: https://ipfs.io/ipfs/bafkreifuj73ylg7mu2zk36qjdvupj4drfhszxsfsc4g6okzh7eum47oqt4

================================================
========== Upload policy_metadata.json =========
================================================
Uploading to Pinata IPFS path=./sumsub/dist/policy_metadata.json

=== IPFS Upload Results ===
IPFS Hash: bafkreiatv4to35n7mj3frea4ydf3snmaqpujidaehdw436ympg2qcqyg6q
Direct IPFS Link gateway_link=ipfs.newt.foundation/bafkreiatv4to35n7mj3frea4ydf3snmaqpujidaehdw436ympg2qcqyg6q
Public IPFS Link: https://ipfs.io/ipfs/bafkreiatv4to35n7mj3frea4ydf3snmaqpujidaehdw436ympg2qcqyg6q

================================================
======== Upload policy_data_metadata.json ======
================================================
Uploading to Pinata IPFS path=./sumsub/dist/policy_data_metadata.json

=== IPFS Upload Results ===
IPFS Hash: bafkreifmmcrf4rtt54blnzpdevd5oo65gsiv5wi4uwuvqbd3rlorfiscdi
Direct IPFS Link gateway_link=ipfs.newt.foundation/bafkreifmmcrf4rtt54blnzpdevd5oo65gsiv5wi4uwuvqbd3rlorfiscdi
Public IPFS Link: https://ipfs.io/ipfs/bafkreifmmcrf4rtt54blnzpdevd5oo65gsiv5wi4uwuvqbd3rlorfiscdi

================================================
========== Upload secrets_schema.json ==========
================================================
Uploading to Pinata IPFS path=./sumsub/secrets_schema.json

=== IPFS Upload Results ===
IPFS Hash: bafkreibnx7vc5ph5rb6zrxqisgp6s2gvntlnrjbupnifzmixvdbted7s2m
Direct IPFS Link gateway_link=ipfs.newt.foundation/bafkreibnx7vc5ph5rb6zrxqisgp6s2gvntlnrjbupnifzmixvdbted7s2m
Public IPFS Link: https://ipfs.io/ipfs/bafkreibnx7vc5ph5rb6zrxqisgp6s2gvntlnrjbupnifzmixvdbted7s2m

================================================
========== Created policy_cids.json ============
================================================
Output file: "./sumsub/dist/policy_cids.json"

{
  "wasmCid": "bafybeie5scxkeo3zuisbbzctt5e6v5mbwlmq45yedrzhiek2npxtrgg3vm",
  "policyCid": "bafkreigfmedmph5fp33ug5trnwgcl766lilrh3jsppy7t6lrxmlkoqsnlu",
  "schemaCid": "bafkreifuj73ylg7mu2zk36qjdvupj4drfhszxsfsc4g6okzh7eum47oqt4",
  "entrypoint": "sumsub_kyc.allow",
  "policyMetadataCid": "bafkreiatv4to35n7mj3frea4ydf3snmaqpujidaehdw436ympg2qcqyg6q",
  "policyDataMetadataCid": "bafkreifmmcrf4rtt54blnzpdevd5oo65gsiv5wi4uwuvqbd3rlorfiscdi",
  "secretsSchemaCid": "bafkreibnx7vc5ph5rb6zrxqisgp6s2gvntlnrjbupnifzmixvdbted7s2m",
  "policyCodeHash": "0x4b2f9b84045794a10fed8bd980f7e1c2893b31ddb9039496c6c716676584a9c6"
}
=== Sun Jun 14 15:31:10 PDT 2026 :: sumsub policy-data deploy ===
Loading cli config from: "/Users/dennis.won/.newton/newton-cli.toml"
Converting 300 seconds to blocks: block_time=2000ms (2s), result=150 blocks
Deploying policy data:
  wasmCid: bafybeie5scxkeo3zuisbbzctt5e6v5mbwlmq45yedrzhiek2npxtrgg3vm
  secretsSchemaCid: bafkreibnx7vc5ph5rb6zrxqisgp6s2gvntlnrjbupnifzmixvdbted7s2m
  metadataCid: bafkreifmmcrf4rtt54blnzpdevd5oo65gsiv5wi4uwuvqbd3rlorfiscdi
  expireAfter: 150 blocks 

Policy data deployed successfully at address: 0xB0166b8cb7Adec2330d6c7f8F8229914Ca7F73Bf
Policy Data Address: 0xB0166b8cb7Adec2330d6c7f8F8229914Ca7F73Bf
DATA_ADDR=0xB0166b8cb7Adec2330d6c7f8F8229914Ca7F73Bf
=== Sun Jun 14 15:31:11 PDT 2026 :: sumsub policy deploy ===
Loading cli config from: "/Users/dennis.won/.newton/newton-cli.toml"
Using policyCodeHash from policy_cids.json: 0x4b2f9b84045794a10fed8bd980f7e1c2893b31ddb9039496c6c716676584a9c6
Pinned policyCodeHash 0x4b2f9b84045794a10fed8bd980f7e1c2893b31ddb9039496c6c716676584a9c6 in "./sumsub/dist/policy_cids.json"
Deploying policy:
  entrypoint: sumsub_kyc.allow
  policyCid: bafkreigfmedmph5fp33ug5trnwgcl766lilrh3jsppy7t6lrxmlkoqsnlu
  schemaCid: bafkreifuj73ylg7mu2zk36qjdvupj4drfhszxsfsc4g6okzh7eum47oqt4
  policyData: [0xb0166b8cb7adec2330d6c7f8f8229914ca7f73bf]
  metadataCid: bafkreiatv4to35n7mj3frea4ydf3snmaqpujidaehdw436ympg2qcqyg6q 

Error: Failed to deploy policy: Alloy Contract Error TransportError(ErrorResp(ErrorPayload { code: -32000, message: "nonce too low: next nonce 2653, tx nonce 2652", data: None }))

Location:
    bin/newton-cli/src/commands/policy.rs:207:26
=== Sun Jun 14 15:36:41 PDT 2026 :: sumsub sync source policy.rego -> dist ===
=== Sun Jun 14 15:36:41 PDT 2026 :: sumsub generate-cids ===
Loading cli config from: "/Users/dennis.won/.newton/newton-cli.toml"
================================================
========== Uploading All Policy Files ==========
================================================
Directory: "./sumsub/dist"
policyCodeHash: 0x4b2f9b84045794a10fed8bd980f7e1c2893b31ddb9039496c6c716676584a9c6

================================================
============ Upload policy.wasm ================
================================================
Uploading to Pinata IPFS path=./sumsub/dist/policy.wasm

=== IPFS Upload Results ===
IPFS Hash: bafybeieu7cl4m5hntdh3lb6s5qbvnz425ffvrvfyh7ax76h5hn42uwi354
Direct IPFS Link gateway_link=ipfs.newt.foundation/bafybeieu7cl4m5hntdh3lb6s5qbvnz425ffvrvfyh7ax76h5hn42uwi354
Public IPFS Link: https://ipfs.io/ipfs/bafybeieu7cl4m5hntdh3lb6s5qbvnz425ffvrvfyh7ax76h5hn42uwi354

================================================
============== Upload policy.rego ==============
================================================
Uploading to Pinata IPFS path=./sumsub/dist/policy.rego

=== IPFS Upload Results ===
IPFS Hash: bafkreigfmedmph5fp33ug5trnwgcl766lilrh3jsppy7t6lrxmlkoqsnlu
Direct IPFS Link gateway_link=ipfs.newt.foundation/bafkreigfmedmph5fp33ug5trnwgcl766lilrh3jsppy7t6lrxmlkoqsnlu
Public IPFS Link: https://ipfs.io/ipfs/bafkreigfmedmph5fp33ug5trnwgcl766lilrh3jsppy7t6lrxmlkoqsnlu

================================================
========== Upload params_schema.json ===========
================================================
Uploading to Pinata IPFS path=./sumsub/dist/params_schema.json

=== IPFS Upload Results ===
IPFS Hash: bafkreifuj73ylg7mu2zk36qjdvupj4drfhszxsfsc4g6okzh7eum47oqt4
Direct IPFS Link gateway_link=ipfs.newt.foundation/bafkreifuj73ylg7mu2zk36qjdvupj4drfhszxsfsc4g6okzh7eum47oqt4
Public IPFS Link: https://ipfs.io/ipfs/bafkreifuj73ylg7mu2zk36qjdvupj4drfhszxsfsc4g6okzh7eum47oqt4

================================================
========== Upload policy_metadata.json =========
================================================
Uploading to Pinata IPFS path=./sumsub/dist/policy_metadata.json

=== IPFS Upload Results ===
IPFS Hash: bafkreiatv4to35n7mj3frea4ydf3snmaqpujidaehdw436ympg2qcqyg6q
Direct IPFS Link gateway_link=ipfs.newt.foundation/bafkreiatv4to35n7mj3frea4ydf3snmaqpujidaehdw436ympg2qcqyg6q
Public IPFS Link: https://ipfs.io/ipfs/bafkreiatv4to35n7mj3frea4ydf3snmaqpujidaehdw436ympg2qcqyg6q

================================================
======== Upload policy_data_metadata.json ======
================================================
Uploading to Pinata IPFS path=./sumsub/dist/policy_data_metadata.json

=== IPFS Upload Results ===
IPFS Hash: bafkreifmmcrf4rtt54blnzpdevd5oo65gsiv5wi4uwuvqbd3rlorfiscdi
Direct IPFS Link gateway_link=ipfs.newt.foundation/bafkreifmmcrf4rtt54blnzpdevd5oo65gsiv5wi4uwuvqbd3rlorfiscdi
Public IPFS Link: https://ipfs.io/ipfs/bafkreifmmcrf4rtt54blnzpdevd5oo65gsiv5wi4uwuvqbd3rlorfiscdi

================================================
========== Upload secrets_schema.json ==========
================================================
Uploading to Pinata IPFS path=./sumsub/secrets_schema.json

=== IPFS Upload Results ===
IPFS Hash: bafkreibnx7vc5ph5rb6zrxqisgp6s2gvntlnrjbupnifzmixvdbted7s2m
Direct IPFS Link gateway_link=ipfs.newt.foundation/bafkreibnx7vc5ph5rb6zrxqisgp6s2gvntlnrjbupnifzmixvdbted7s2m
Public IPFS Link: https://ipfs.io/ipfs/bafkreibnx7vc5ph5rb6zrxqisgp6s2gvntlnrjbupnifzmixvdbted7s2m

================================================
========== Created policy_cids.json ============
================================================
Output file: "./sumsub/dist/policy_cids.json"

{
  "wasmCid": "bafybeieu7cl4m5hntdh3lb6s5qbvnz425ffvrvfyh7ax76h5hn42uwi354",
  "policyCid": "bafkreigfmedmph5fp33ug5trnwgcl766lilrh3jsppy7t6lrxmlkoqsnlu",
  "schemaCid": "bafkreifuj73ylg7mu2zk36qjdvupj4drfhszxsfsc4g6okzh7eum47oqt4",
  "entrypoint": "sumsub_kyc.allow",
  "policyMetadataCid": "bafkreiatv4to35n7mj3frea4ydf3snmaqpujidaehdw436ympg2qcqyg6q",
  "policyDataMetadataCid": "bafkreifmmcrf4rtt54blnzpdevd5oo65gsiv5wi4uwuvqbd3rlorfiscdi",
  "secretsSchemaCid": "bafkreibnx7vc5ph5rb6zrxqisgp6s2gvntlnrjbupnifzmixvdbted7s2m",
  "policyCodeHash": "0x4b2f9b84045794a10fed8bd980f7e1c2893b31ddb9039496c6c716676584a9c6"
}
=== Sun Jun 14 15:36:52 PDT 2026 :: sumsub policy-data deploy ===
Loading cli config from: "/Users/dennis.won/.newton/newton-cli.toml"
Converting 300 seconds to blocks: block_time=2000ms (2s), result=150 blocks
Deploying policy data:
  wasmCid: bafybeieu7cl4m5hntdh3lb6s5qbvnz425ffvrvfyh7ax76h5hn42uwi354
  secretsSchemaCid: bafkreibnx7vc5ph5rb6zrxqisgp6s2gvntlnrjbupnifzmixvdbted7s2m
  metadataCid: bafkreifmmcrf4rtt54blnzpdevd5oo65gsiv5wi4uwuvqbd3rlorfiscdi
  expireAfter: 150 blocks 

Policy data deployed successfully at address: 0x04899bC417B42d061Dc9CDaBfBa714a4520D3756
Policy Data Address: 0x04899bC417B42d061Dc9CDaBfBa714a4520D3756
DATA_ADDR=0x04899bC417B42d061Dc9CDaBfBa714a4520D3756
=== Sun Jun 14 15:36:53 PDT 2026 :: sumsub policy deploy ===
Loading cli config from: "/Users/dennis.won/.newton/newton-cli.toml"
Using policyCodeHash from policy_cids.json: 0x4b2f9b84045794a10fed8bd980f7e1c2893b31ddb9039496c6c716676584a9c6
Pinned policyCodeHash 0x4b2f9b84045794a10fed8bd980f7e1c2893b31ddb9039496c6c716676584a9c6 in "./sumsub/dist/policy_cids.json"
Deploying policy:
  entrypoint: sumsub_kyc.allow
  policyCid: bafkreigfmedmph5fp33ug5trnwgcl766lilrh3jsppy7t6lrxmlkoqsnlu
  schemaCid: bafkreifuj73ylg7mu2zk36qjdvupj4drfhszxsfsc4g6okzh7eum47oqt4
  policyData: [0x04899bc417b42d061dc9cdabfba714a4520d3756]
  metadataCid: bafkreiatv4to35n7mj3frea4ydf3snmaqpujidaehdw436ympg2qcqyg6q 

Policy deployed successfully at address: 0x122D98305F1c56509d678eB14184dE4cc9c01770
=== Sun Jun 14 15:36:54 PDT 2026 :: sumsub DONE ===
sumsub DATA=0x04899bC417B42d061Dc9CDaBfBa714a4520D3756 POLICY=0x122D98305F1c56509d678eB14184dE4cc9c01770
wrote ./sumsub/dist/last_deploy.json
=== Mon Jun 15 18:50:45 PDT 2026 :: sumsub policy.wasm is up-to-date (cache stamp matches) — reusing ===
=== Mon Jun 15 18:50:45 PDT 2026 :: sumsub sync source policy.rego -> dist ===
=== Mon Jun 15 18:50:45 PDT 2026 :: sumsub generate-cids (Pinata IPFS upload) ===
Loading cli config from: "/Users/dennis.won/.newton/newton-cli.toml"
================================================
========== Uploading All Policy Files ==========
================================================
Directory: "./sumsub/dist"
policyCodeHash: 0x4b2f9b84045794a10fed8bd980f7e1c2893b31ddb9039496c6c716676584a9c6

================================================
============ Upload policy.wasm ================
================================================
Uploading to Pinata IPFS path=./sumsub/dist/policy.wasm

=== IPFS Upload Results ===
IPFS Hash: bafybeiek2ihacvmuj2cwfr62avubfppsudmyyij75q5c5uem5xck2wrx5y
Direct IPFS Link gateway_link=https://ipfs.newt.foundation/bafybeiek2ihacvmuj2cwfr62avubfppsudmyyij75q5c5uem5xck2wrx5y
Public IPFS Link: https://ipfs.io/ipfs/bafybeiek2ihacvmuj2cwfr62avubfppsudmyyij75q5c5uem5xck2wrx5y

================================================
============== Upload policy.rego ==============
================================================
Uploading to Pinata IPFS path=./sumsub/dist/policy.rego

=== IPFS Upload Results ===
IPFS Hash: bafkreigfmedmph5fp33ug5trnwgcl766lilrh3jsppy7t6lrxmlkoqsnlu
Direct IPFS Link gateway_link=https://ipfs.newt.foundation/bafkreigfmedmph5fp33ug5trnwgcl766lilrh3jsppy7t6lrxmlkoqsnlu
Public IPFS Link: https://ipfs.io/ipfs/bafkreigfmedmph5fp33ug5trnwgcl766lilrh3jsppy7t6lrxmlkoqsnlu

================================================
========== Upload params_schema.json ===========
================================================
Uploading to Pinata IPFS path=./sumsub/dist/params_schema.json

=== IPFS Upload Results ===
IPFS Hash: bafkreifuj73ylg7mu2zk36qjdvupj4drfhszxsfsc4g6okzh7eum47oqt4
Direct IPFS Link gateway_link=https://ipfs.newt.foundation/bafkreifuj73ylg7mu2zk36qjdvupj4drfhszxsfsc4g6okzh7eum47oqt4
Public IPFS Link: https://ipfs.io/ipfs/bafkreifuj73ylg7mu2zk36qjdvupj4drfhszxsfsc4g6okzh7eum47oqt4

================================================
========== Upload policy_metadata.json =========
================================================
Uploading to Pinata IPFS path=./sumsub/dist/policy_metadata.json

=== IPFS Upload Results ===
IPFS Hash: bafkreiatv4to35n7mj3frea4ydf3snmaqpujidaehdw436ympg2qcqyg6q
Direct IPFS Link gateway_link=https://ipfs.newt.foundation/bafkreiatv4to35n7mj3frea4ydf3snmaqpujidaehdw436ympg2qcqyg6q
Public IPFS Link: https://ipfs.io/ipfs/bafkreiatv4to35n7mj3frea4ydf3snmaqpujidaehdw436ympg2qcqyg6q

================================================
======== Upload policy_data_metadata.json ======
================================================
Uploading to Pinata IPFS path=./sumsub/dist/policy_data_metadata.json

=== IPFS Upload Results ===
IPFS Hash: bafkreifmmcrf4rtt54blnzpdevd5oo65gsiv5wi4uwuvqbd3rlorfiscdi
Direct IPFS Link gateway_link=https://ipfs.newt.foundation/bafkreifmmcrf4rtt54blnzpdevd5oo65gsiv5wi4uwuvqbd3rlorfiscdi
Public IPFS Link: https://ipfs.io/ipfs/bafkreifmmcrf4rtt54blnzpdevd5oo65gsiv5wi4uwuvqbd3rlorfiscdi

================================================
========== Upload secrets_schema.json ==========
================================================
Uploading to Pinata IPFS path=./sumsub/secrets_schema.json

=== IPFS Upload Results ===
IPFS Hash: bafkreibnx7vc5ph5rb6zrxqisgp6s2gvntlnrjbupnifzmixvdbted7s2m
Direct IPFS Link gateway_link=https://ipfs.newt.foundation/bafkreibnx7vc5ph5rb6zrxqisgp6s2gvntlnrjbupnifzmixvdbted7s2m
Public IPFS Link: https://ipfs.io/ipfs/bafkreibnx7vc5ph5rb6zrxqisgp6s2gvntlnrjbupnifzmixvdbted7s2m

================================================
========== Created policy_cids.json ============
================================================
Output file: "./sumsub/dist/policy_cids.json"

{
  "wasmCid": "bafybeiek2ihacvmuj2cwfr62avubfppsudmyyij75q5c5uem5xck2wrx5y",
  "policyCid": "bafkreigfmedmph5fp33ug5trnwgcl766lilrh3jsppy7t6lrxmlkoqsnlu",
  "schemaCid": "bafkreifuj73ylg7mu2zk36qjdvupj4drfhszxsfsc4g6okzh7eum47oqt4",
  "entrypoint": "sumsub_kyc.allow",
  "policyMetadataCid": "bafkreiatv4to35n7mj3frea4ydf3snmaqpujidaehdw436ympg2qcqyg6q",
  "policyDataMetadataCid": "bafkreifmmcrf4rtt54blnzpdevd5oo65gsiv5wi4uwuvqbd3rlorfiscdi",
  "secretsSchemaCid": "bafkreibnx7vc5ph5rb6zrxqisgp6s2gvntlnrjbupnifzmixvdbted7s2m",
  "policyCodeHash": "0x4b2f9b84045794a10fed8bd980f7e1c2893b31ddb9039496c6c716676584a9c6"
}
=== Mon Jun 15 18:50:59 PDT 2026 :: sumsub UPLOAD DONE ===
wrote ./sumsub/dist/policy_cids.json
=== Mon Jun 15 18:54:40 PDT 2026 :: sumsub policy-data deploy (stagef/11155111) ===
Loading cli config from: "/Users/dennis.won/.newton/newton-cli.toml"
Using expire_after_blocks from command: 100 blocks
Deploying policy data:
  wasmCid: bafybeiek2ihacvmuj2cwfr62avubfppsudmyyij75q5c5uem5xck2wrx5y
  secretsSchemaCid: bafkreibnx7vc5ph5rb6zrxqisgp6s2gvntlnrjbupnifzmixvdbted7s2m
  metadataCid: bafkreifmmcrf4rtt54blnzpdevd5oo65gsiv5wi4uwuvqbd3rlorfiscdi
  expireAfter: 100 blocks 

Policy data deployed successfully at address: 0x9cc7f4F2e96AfAa7DDeA554Be637FB26Cb126745
Policy Data Address: 0x9cc7f4F2e96AfAa7DDeA554Be637FB26Cb126745
DATA_ADDR=0x9cc7f4F2e96AfAa7DDeA554Be637FB26Cb126745
=== Mon Jun 15 18:54:49 PDT 2026 :: sumsub policy deploy (stagef/11155111) ===
Loading cli config from: "/Users/dennis.won/.newton/newton-cli.toml"
Using policyCodeHash from policy_cids.json: 0x4b2f9b84045794a10fed8bd980f7e1c2893b31ddb9039496c6c716676584a9c6
Pinned policyCodeHash 0x4b2f9b84045794a10fed8bd980f7e1c2893b31ddb9039496c6c716676584a9c6 in "./sumsub/dist/policy_cids.json"
Deploying policy:
  entrypoint: sumsub_kyc.allow
  policyCid: bafkreigfmedmph5fp33ug5trnwgcl766lilrh3jsppy7t6lrxmlkoqsnlu
  schemaCid: bafkreifuj73ylg7mu2zk36qjdvupj4drfhszxsfsc4g6okzh7eum47oqt4
  policyData: [0x9cc7f4f2e96afaa7ddea554be637fb26cb126745]
  metadataCid: bafkreiatv4to35n7mj3frea4ydf3snmaqpujidaehdw436ympg2qcqyg6q 

Error: Failed to deploy policy: Alloy Contract Error TransportError(ErrorResp(ErrorPayload { code: -32000, message: "replacement transaction underpriced", data: None }))

Location:
    bin/newton-cli/src/commands/policy.rs:207:26
=== Mon Jun 15 18:55:21 PDT 2026 :: sumsub policy-data deploy (stagef/11155111) ===
Loading cli config from: "/Users/dennis.won/.newton/newton-cli.toml"
Using expire_after_blocks from command: 100 blocks
Deploying policy data:
  wasmCid: bafybeiek2ihacvmuj2cwfr62avubfppsudmyyij75q5c5uem5xck2wrx5y
  secretsSchemaCid: bafkreibnx7vc5ph5rb6zrxqisgp6s2gvntlnrjbupnifzmixvdbted7s2m
  metadataCid: bafkreifmmcrf4rtt54blnzpdevd5oo65gsiv5wi4uwuvqbd3rlorfiscdi
  expireAfter: 100 blocks 

Error: Failed to deploy policy data: Alloy Contract Error TransportError(ErrorResp(ErrorPayload { code: 3, message: "execution reverted", data: Some(RawValue("0x04a5b3ee")) }))

Location:
    bin/newton-cli/src/commands/policy_data.rs:110:26
=== Mon Jun 15 18:55:52 PDT 2026 :: sumsub policy-data deploy (stagef/11155111) ===
Loading cli config from: "/Users/dennis.won/.newton/newton-cli.toml"
Using expire_after_blocks from command: 100 blocks
Deploying policy data:
  wasmCid: bafybeiek2ihacvmuj2cwfr62avubfppsudmyyij75q5c5uem5xck2wrx5y
  secretsSchemaCid: bafkreibnx7vc5ph5rb6zrxqisgp6s2gvntlnrjbupnifzmixvdbted7s2m
  metadataCid: bafkreifmmcrf4rtt54blnzpdevd5oo65gsiv5wi4uwuvqbd3rlorfiscdi
  expireAfter: 100 blocks 

Error: Failed to deploy policy data: Alloy Contract Error TransportError(ErrorResp(ErrorPayload { code: 3, message: "execution reverted", data: Some(RawValue("0x04a5b3ee")) }))

Location:
    bin/newton-cli/src/commands/policy_data.rs:110:26
=== Mon Jun 15 18:57:58 PDT 2026 :: sumsub policy-data deploy (stagef/11155111) ===
Loading cli config from: "/Users/dennis.won/.newton/newton-cli.toml"
Using expire_after_blocks from command: 120 blocks
Deploying policy data:
  wasmCid: bafybeiek2ihacvmuj2cwfr62avubfppsudmyyij75q5c5uem5xck2wrx5y
  secretsSchemaCid: bafkreibnx7vc5ph5rb6zrxqisgp6s2gvntlnrjbupnifzmixvdbted7s2m
  metadataCid: bafkreifmmcrf4rtt54blnzpdevd5oo65gsiv5wi4uwuvqbd3rlorfiscdi
  expireAfter: 120 blocks 

Policy data deployed successfully at address: 0xCE18Ae6bbB0dBD7C1288C3079b26e5690B8D3eAe
Policy Data Address: 0xCE18Ae6bbB0dBD7C1288C3079b26e5690B8D3eAe
DATA_ADDR=0xCE18Ae6bbB0dBD7C1288C3079b26e5690B8D3eAe
=== Mon Jun 15 18:58:13 PDT 2026 :: sumsub policy deploy (stagef/11155111) ===
Loading cli config from: "/Users/dennis.won/.newton/newton-cli.toml"
Using policyCodeHash from policy_cids.json: 0x4b2f9b84045794a10fed8bd980f7e1c2893b31ddb9039496c6c716676584a9c6
Pinned policyCodeHash 0x4b2f9b84045794a10fed8bd980f7e1c2893b31ddb9039496c6c716676584a9c6 in "./sumsub/dist/policy_cids.json"
Deploying policy:
  entrypoint: sumsub_kyc.allow
  policyCid: bafkreigfmedmph5fp33ug5trnwgcl766lilrh3jsppy7t6lrxmlkoqsnlu
  schemaCid: bafkreifuj73ylg7mu2zk36qjdvupj4drfhszxsfsc4g6okzh7eum47oqt4
  policyData: [0xce18ae6bbb0dbd7c1288c3079b26e5690b8d3eae]
  metadataCid: bafkreiatv4to35n7mj3frea4ydf3snmaqpujidaehdw436ympg2qcqyg6q 

Error: Failed to deploy policy: Alloy Contract Error TransportError(ErrorResp(ErrorPayload { code: -32000, message: "replacement transaction underpriced", data: None }))

Location:
    bin/newton-cli/src/commands/policy.rs:207:26
=== Mon Jun 15 18:58:45 PDT 2026 :: sumsub policy-data deploy (stagef/11155111) ===
Loading cli config from: "/Users/dennis.won/.newton/newton-cli.toml"
Using expire_after_blocks from command: 130 blocks
Deploying policy data:
  wasmCid: bafybeiek2ihacvmuj2cwfr62avubfppsudmyyij75q5c5uem5xck2wrx5y
  secretsSchemaCid: bafkreibnx7vc5ph5rb6zrxqisgp6s2gvntlnrjbupnifzmixvdbted7s2m
  metadataCid: bafkreifmmcrf4rtt54blnzpdevd5oo65gsiv5wi4uwuvqbd3rlorfiscdi
  expireAfter: 130 blocks 

Policy data deployed successfully at address: 0xC2a7E414A055dCc08F3B0808ceEC291bF9C43F52
Policy Data Address: 0xC2a7E414A055dCc08F3B0808ceEC291bF9C43F52
DATA_ADDR=0xC2a7E414A055dCc08F3B0808ceEC291bF9C43F52
=== Mon Jun 15 18:59:00 PDT 2026 :: sumsub policy deploy (stagef/11155111) ===
Loading cli config from: "/Users/dennis.won/.newton/newton-cli.toml"
Using policyCodeHash from policy_cids.json: 0x4b2f9b84045794a10fed8bd980f7e1c2893b31ddb9039496c6c716676584a9c6
Pinned policyCodeHash 0x4b2f9b84045794a10fed8bd980f7e1c2893b31ddb9039496c6c716676584a9c6 in "./sumsub/dist/policy_cids.json"
Deploying policy:
  entrypoint: sumsub_kyc.allow
  policyCid: bafkreigfmedmph5fp33ug5trnwgcl766lilrh3jsppy7t6lrxmlkoqsnlu
  schemaCid: bafkreifuj73ylg7mu2zk36qjdvupj4drfhszxsfsc4g6okzh7eum47oqt4
  policyData: [0xc2a7e414a055dcc08f3b0808ceec291bf9c43f52]
  metadataCid: bafkreiatv4to35n7mj3frea4ydf3snmaqpujidaehdw436ympg2qcqyg6q 

Policy deployed successfully at address: 0x6eC52192A417C2dcC5c1CEb5c3792440cc860119
=== Mon Jun 15 18:59:30 PDT 2026 :: sumsub DEPLOY DONE (stagef/11155111) ===
sumsub DATA=0xC2a7E414A055dCc08F3B0808ceEC291bF9C43F52 POLICY=0x6eC52192A417C2dcC5c1CEb5c3792440cc860119
wrote ./sumsub/dist/last_deploy.json
=== Mon Jun 15 19:05:32 PDT 2026 :: sumsub policy-data deploy (prod/11155111) ===
Loading cli config from: "/Users/dennis.won/.newton/newton-cli.toml"
Using expire_after_blocks from command: 120 blocks
Deploying policy data:
  wasmCid: bafybeiek2ihacvmuj2cwfr62avubfppsudmyyij75q5c5uem5xck2wrx5y
  secretsSchemaCid: bafkreibnx7vc5ph5rb6zrxqisgp6s2gvntlnrjbupnifzmixvdbted7s2m
  metadataCid: bafkreifmmcrf4rtt54blnzpdevd5oo65gsiv5wi4uwuvqbd3rlorfiscdi
  expireAfter: 120 blocks 

Policy data deployed successfully at address: 0xa8Dd24EC989CD9Fc5FbFa3fe2B7991A053753E11
Policy Data Address: 0xa8Dd24EC989CD9Fc5FbFa3fe2B7991A053753E11
DATA_ADDR=0xa8Dd24EC989CD9Fc5FbFa3fe2B7991A053753E11
=== Mon Jun 15 19:05:40 PDT 2026 :: sumsub policy deploy (prod/11155111) ===
Loading cli config from: "/Users/dennis.won/.newton/newton-cli.toml"
Using policyCodeHash from policy_cids.json: 0x4b2f9b84045794a10fed8bd980f7e1c2893b31ddb9039496c6c716676584a9c6
Pinned policyCodeHash 0x4b2f9b84045794a10fed8bd980f7e1c2893b31ddb9039496c6c716676584a9c6 in "./sumsub/dist/policy_cids.json"
Deploying policy:
  entrypoint: sumsub_kyc.allow
  policyCid: bafkreigfmedmph5fp33ug5trnwgcl766lilrh3jsppy7t6lrxmlkoqsnlu
  schemaCid: bafkreifuj73ylg7mu2zk36qjdvupj4drfhszxsfsc4g6okzh7eum47oqt4
  policyData: [0xa8dd24ec989cd9fc5fbfa3fe2b7991a053753e11]
  metadataCid: bafkreiatv4to35n7mj3frea4ydf3snmaqpujidaehdw436ympg2qcqyg6q 

Policy deployed successfully at address: 0xD3Dd5772327f02d80ABec8B59DbC6334d9fBFb45
=== Mon Jun 15 19:05:49 PDT 2026 :: sumsub DEPLOY DONE (prod/11155111) ===
sumsub DATA=0xa8Dd24EC989CD9Fc5FbFa3fe2B7991A053753E11 POLICY=0xD3Dd5772327f02d80ABec8B59DbC6334d9fBFb45
wrote ./sumsub/dist/last_deploy.json
=== Mon Jun 15 19:09:40 PDT 2026 :: sumsub policy-data deploy (stagef/84532) ===
Loading cli config from: "/Users/dennis.won/.newton/newton-cli.toml"
Using expire_after_blocks from command: 400 blocks
Deploying policy data:
  wasmCid: bafybeiek2ihacvmuj2cwfr62avubfppsudmyyij75q5c5uem5xck2wrx5y
  secretsSchemaCid: bafkreibnx7vc5ph5rb6zrxqisgp6s2gvntlnrjbupnifzmixvdbted7s2m
  metadataCid: bafkreifmmcrf4rtt54blnzpdevd5oo65gsiv5wi4uwuvqbd3rlorfiscdi
  expireAfter: 400 blocks 

Policy data deployed successfully at address: 0x5E89555C11E9a718993DAf67750d82707CA1B267
Policy Data Address: 0x5E89555C11E9a718993DAf67750d82707CA1B267
DATA_ADDR=0x5E89555C11E9a718993DAf67750d82707CA1B267
=== Mon Jun 15 19:09:48 PDT 2026 :: sumsub policy deploy (stagef/84532) ===
Loading cli config from: "/Users/dennis.won/.newton/newton-cli.toml"
Using policyCodeHash from policy_cids.json: 0x4b2f9b84045794a10fed8bd980f7e1c2893b31ddb9039496c6c716676584a9c6
Pinned policyCodeHash 0x4b2f9b84045794a10fed8bd980f7e1c2893b31ddb9039496c6c716676584a9c6 in "./sumsub/dist/policy_cids.json"
Deploying policy:
  entrypoint: sumsub_kyc.allow
  policyCid: bafkreigfmedmph5fp33ug5trnwgcl766lilrh3jsppy7t6lrxmlkoqsnlu
  schemaCid: bafkreifuj73ylg7mu2zk36qjdvupj4drfhszxsfsc4g6okzh7eum47oqt4
  policyData: [0x5e89555c11e9a718993daf67750d82707ca1b267]
  metadataCid: bafkreiatv4to35n7mj3frea4ydf3snmaqpujidaehdw436ympg2qcqyg6q 

Policy deployed successfully at address: 0x728451D8bbb51a6E81DcE2aF26bfB5CE8A4CdA76
=== Mon Jun 15 19:09:50 PDT 2026 :: sumsub DEPLOY DONE (stagef/84532) ===
sumsub DATA=0x5E89555C11E9a718993DAf67750d82707CA1B267 POLICY=0x728451D8bbb51a6E81DcE2aF26bfB5CE8A4CdA76
wrote ./sumsub/dist/last_deploy.json
=== Mon Jun 15 19:13:18 PDT 2026 :: sumsub policy-data deploy (prod/84532) ===
Loading cli config from: "/Users/dennis.won/.newton/newton-cli.toml"
Using expire_after_blocks from command: 420 blocks
Deploying policy data:
  wasmCid: bafybeiek2ihacvmuj2cwfr62avubfppsudmyyij75q5c5uem5xck2wrx5y
  secretsSchemaCid: bafkreibnx7vc5ph5rb6zrxqisgp6s2gvntlnrjbupnifzmixvdbted7s2m
  metadataCid: bafkreifmmcrf4rtt54blnzpdevd5oo65gsiv5wi4uwuvqbd3rlorfiscdi
  expireAfter: 420 blocks 

Policy data deployed successfully at address: 0x52458F0F5937b703d64B5D206a800384A7fc59e1
Policy Data Address: 0x52458F0F5937b703d64B5D206a800384A7fc59e1
DATA_ADDR=0x52458F0F5937b703d64B5D206a800384A7fc59e1
=== Mon Jun 15 19:13:27 PDT 2026 :: sumsub policy deploy (prod/84532) ===
Loading cli config from: "/Users/dennis.won/.newton/newton-cli.toml"
Using policyCodeHash from policy_cids.json: 0x4b2f9b84045794a10fed8bd980f7e1c2893b31ddb9039496c6c716676584a9c6
Pinned policyCodeHash 0x4b2f9b84045794a10fed8bd980f7e1c2893b31ddb9039496c6c716676584a9c6 in "./sumsub/dist/policy_cids.json"
Deploying policy:
  entrypoint: sumsub_kyc.allow
  policyCid: bafkreigfmedmph5fp33ug5trnwgcl766lilrh3jsppy7t6lrxmlkoqsnlu
  schemaCid: bafkreifuj73ylg7mu2zk36qjdvupj4drfhszxsfsc4g6okzh7eum47oqt4
  policyData: [0x52458f0f5937b703d64b5d206a800384a7fc59e1]
  metadataCid: bafkreiatv4to35n7mj3frea4ydf3snmaqpujidaehdw436ympg2qcqyg6q 

Policy deployed successfully at address: 0xA74c7f91D24b2DA158c3DAE88459A0D43e61614E
=== Mon Jun 15 19:13:28 PDT 2026 :: sumsub DEPLOY DONE (prod/84532) ===
sumsub DATA=0x52458F0F5937b703d64B5D206a800384A7fc59e1 POLICY=0xA74c7f91D24b2DA158c3DAE88459A0D43e61614E
wrote ./sumsub/dist/last_deploy.json
=== Sat Jun 20 11:51:41 PDT 2026 :: sumsub policy-data deploy (prod/8453) ===
Loading cli config from: "/Users/dennis.won/.newton/newton-cli.toml"
Converting 300 seconds to blocks: block_time=2000ms (2s), result=150 blocks
Deploying policy data:
  wasmCid: bafybeiek2ihacvmuj2cwfr62avubfppsudmyyij75q5c5uem5xck2wrx5y
  secretsSchemaCid: bafkreibnx7vc5ph5rb6zrxqisgp6s2gvntlnrjbupnifzmixvdbted7s2m
  metadataCid: bafkreifmmcrf4rtt54blnzpdevd5oo65gsiv5wi4uwuvqbd3rlorfiscdi
  expireAfter: 150 blocks 

Policy data deployed successfully at address: 0x271221cd3bfF4f45b41A28Af4A28a82F4e373265
Policy Data Address: 0x271221cd3bfF4f45b41A28Af4A28a82F4e373265
DATA_ADDR=0x271221cd3bfF4f45b41A28Af4A28a82F4e373265
=== Sat Jun 20 11:51:43 PDT 2026 :: sumsub DEPLOY DONE (prod/8453) ===
sumsub DATA=0x271221cd3bfF4f45b41A28Af4A28a82F4e373265
wrote ./sumsub/dist/last_deploy.json
=== Sat Jun 20 11:56:50 PDT 2026 :: sumsub policy-data deploy (stagef/8453) ===
Loading cli config from: "/Users/dennis.won/.newton/newton-cli.toml"

thread 'tokio-runtime-worker' (63868137) panicked at crates/core/src/common/chain.rs:38:35:
Failed to get chain ID: Transport(Custom(reqwest::Error { kind: Request, url: "https://winter-quiet-surf.base-mainnet.quiknode.pro/2c1b6b27ba740a95e17a559b7141b1592bd79c43", source: hyper_util::client::legacy::Error(Connect, TunnelUnsuccessful) }))
note: run with `RUST_BACKTRACE=1` environment variable to display a backtrace
=== Sat Jun 20 21:44:28 PDT 2026 :: sumsub policy-data deploy (stagef/8453) ===
Loading cli config from: "/Users/dennis.won/.newton/newton-cli.toml"
Converting 300 seconds to blocks: block_time=2000ms (2s), result=150 blocks
Deploying policy data:
  wasmCid: bafybeiek2ihacvmuj2cwfr62avubfppsudmyyij75q5c5uem5xck2wrx5y
  secretsSchemaCid: bafkreibnx7vc5ph5rb6zrxqisgp6s2gvntlnrjbupnifzmixvdbted7s2m
  metadataCid: bafkreifmmcrf4rtt54blnzpdevd5oo65gsiv5wi4uwuvqbd3rlorfiscdi
  expireAfter: 150 blocks 

Policy data deployed successfully at address: 0xe86F1Ae0702dE3cBfaC5319E6DFd16e1C15C2dED
Policy Data Address: 0xe86F1Ae0702dE3cBfaC5319E6DFd16e1C15C2dED
DATA_ADDR=0xe86F1Ae0702dE3cBfaC5319E6DFd16e1C15C2dED
=== Sat Jun 20 21:44:36 PDT 2026 :: sumsub DEPLOY DONE (stagef/8453) ===
sumsub DATA=0xe86F1Ae0702dE3cBfaC5319E6DFd16e1C15C2dED
wrote ./sumsub/dist/last_deploy.json
=== Sat Jun 20 21:47:23 PDT 2026 :: sumsub policy-data deploy (prod/1) ===
Loading cli config from: "/Users/dennis.won/.newton/newton-cli.toml"
Converting 300 seconds to blocks: block_time=12000ms (12s), result=25 blocks
Deploying policy data:
  wasmCid: bafybeiek2ihacvmuj2cwfr62avubfppsudmyyij75q5c5uem5xck2wrx5y
  secretsSchemaCid: bafkreibnx7vc5ph5rb6zrxqisgp6s2gvntlnrjbupnifzmixvdbted7s2m
  metadataCid: bafkreifmmcrf4rtt54blnzpdevd5oo65gsiv5wi4uwuvqbd3rlorfiscdi
  expireAfter: 25 blocks 

Policy data deployed successfully at address: 0x6B8d613bD3003A6e90F1536C576519A231730A1d
Policy Data Address: 0x6B8d613bD3003A6e90F1536C576519A231730A1d
DATA_ADDR=0x6B8d613bD3003A6e90F1536C576519A231730A1d
=== Sat Jun 20 21:47:53 PDT 2026 :: sumsub DEPLOY DONE (prod/1) ===
sumsub DATA=0x6B8d613bD3003A6e90F1536C576519A231730A1d
wrote ./sumsub/dist/last_deploy.json
=== Sat Jun 20 21:50:35 PDT 2026 :: sumsub policy-data deploy (stagef/1) ===
Loading cli config from: "/Users/dennis.won/.newton/newton-cli.toml"
Converting 300 seconds to blocks: block_time=12000ms (12s), result=25 blocks
Deploying policy data:
  wasmCid: bafybeiek2ihacvmuj2cwfr62avubfppsudmyyij75q5c5uem5xck2wrx5y
  secretsSchemaCid: bafkreibnx7vc5ph5rb6zrxqisgp6s2gvntlnrjbupnifzmixvdbted7s2m
  metadataCid: bafkreifmmcrf4rtt54blnzpdevd5oo65gsiv5wi4uwuvqbd3rlorfiscdi
  expireAfter: 25 blocks 

Policy data deployed successfully at address: 0x4B0c56Cc9E765b3e6d71BaF51Df810839b8A8C69
Policy Data Address: 0x4B0c56Cc9E765b3e6d71BaF51Df810839b8A8C69
DATA_ADDR=0x4B0c56Cc9E765b3e6d71BaF51Df810839b8A8C69
=== Sat Jun 20 21:50:51 PDT 2026 :: sumsub DEPLOY DONE (stagef/1) ===
sumsub DATA=0x4B0c56Cc9E765b3e6d71BaF51Df810839b8A8C69
wrote ./sumsub/dist/last_deploy.json
