Loading cli config from: "/Users/alec.savoy/.newton/newton-cli.toml"
=== Step 1: Generating CIDs ===
================================================
========== Uploading All Policy Files ==========
================================================
Directory: "./vaultsfyi/dist"
policyCodeHash: 0x07752f36bedabad3ee876ebefcefd258e5a759f59aa74319851a04e14fb85f04

================================================
============ Upload policy.wasm ================
================================================
Uploading to Pinata IPFS path=./vaultsfyi/dist/policy.wasm

=== IPFS Upload Results ===
IPFS Hash: bafybeifv27lklax5fa5h2jvkfkyd7ia4lt4a5phpr7fr46fwpywv2jx2oa
Direct IPFS Link gateway_link=https://orange-useful-booby-460.mypinata.cloud/bafybeifv27lklax5fa5h2jvkfkyd7ia4lt4a5phpr7fr46fwpywv2jx2oa
Public IPFS Link: https://ipfs.io/ipfs/bafybeifv27lklax5fa5h2jvkfkyd7ia4lt4a5phpr7fr46fwpywv2jx2oa

================================================
============== Upload policy.rego ==============
================================================
Uploading to Pinata IPFS path=./vaultsfyi/dist/policy.rego

=== IPFS Upload Results ===
IPFS Hash: bafkreihfi67optf5k2254bqwh34i3rhi6ovkjeswtx56hij5dnwxhobu6u
Direct IPFS Link gateway_link=https://orange-useful-booby-460.mypinata.cloud/bafkreihfi67optf5k2254bqwh34i3rhi6ovkjeswtx56hij5dnwxhobu6u
Public IPFS Link: https://ipfs.io/ipfs/bafkreihfi67optf5k2254bqwh34i3rhi6ovkjeswtx56hij5dnwxhobu6u

================================================
========== Upload params_schema.json ===========
================================================
Uploading to Pinata IPFS path=./vaultsfyi/dist/params_schema.json

=== IPFS Upload Results ===
IPFS Hash: bafkreigs3lyrndpc3hce6qadjeh3fhuh4zdg3iabsvrsal4dsgygvk7t3a
Direct IPFS Link gateway_link=https://orange-useful-booby-460.mypinata.cloud/bafkreigs3lyrndpc3hce6qadjeh3fhuh4zdg3iabsvrsal4dsgygvk7t3a
Public IPFS Link: https://ipfs.io/ipfs/bafkreigs3lyrndpc3hce6qadjeh3fhuh4zdg3iabsvrsal4dsgygvk7t3a

================================================
========== Upload policy_metadata.json =========
================================================
Uploading to Pinata IPFS path=./vaultsfyi/dist/policy_metadata.json

=== IPFS Upload Results ===
IPFS Hash: bafkreiaeu5yljk6sd2y2u72reyj74mmhuurpp2oxvmx54kvj5rhassqm7q
Direct IPFS Link gateway_link=https://orange-useful-booby-460.mypinata.cloud/bafkreiaeu5yljk6sd2y2u72reyj74mmhuurpp2oxvmx54kvj5rhassqm7q
Public IPFS Link: https://ipfs.io/ipfs/bafkreiaeu5yljk6sd2y2u72reyj74mmhuurpp2oxvmx54kvj5rhassqm7q

================================================
======== Upload policy_data_metadata.json ======
================================================
Uploading to Pinata IPFS path=./vaultsfyi/dist/policy_data_metadata.json

=== IPFS Upload Results ===
IPFS Hash: bafkreigfaiftjrbz2ojcbbgqx5iscawfd2d2alfmvr36ck4earfuboyph4
Direct IPFS Link gateway_link=https://orange-useful-booby-460.mypinata.cloud/bafkreigfaiftjrbz2ojcbbgqx5iscawfd2d2alfmvr36ck4earfuboyph4
Public IPFS Link: https://ipfs.io/ipfs/bafkreigfaiftjrbz2ojcbbgqx5iscawfd2d2alfmvr36ck4earfuboyph4

================================================
========== Created policy_cids.json ============
================================================
Output file: "./vaultsfyi/dist/policy_cids.json"

{
  "wasmCid": "bafybeifv27lklax5fa5h2jvkfkyd7ia4lt4a5phpr7fr46fwpywv2jx2oa",
  "policyCid": "bafkreihfi67optf5k2254bqwh34i3rhi6ovkjeswtx56hij5dnwxhobu6u",
  "schemaCid": "bafkreigs3lyrndpc3hce6qadjeh3fhuh4zdg3iabsvrsal4dsgygvk7t3a",
  "entrypoint": "vault_risk_rating.allow",
  "policyMetadataCid": "bafkreiaeu5yljk6sd2y2u72reyj74mmhuurpp2oxvmx54kvj5rhassqm7q",
  "policyDataMetadataCid": "bafkreigfaiftjrbz2ojcbbgqx5iscawfd2d2alfmvr36ck4earfuboyph4",
  "secretsSchemaCid": "",
  "policyCodeHash": "0x07752f36bedabad3ee876ebefcefd258e5a759f59aa74319851a04e14fb85f04"
}

=== Step 2: Deploying policy data (WASM) ===
Converting 300 seconds to blocks: block_time=12000ms (12s), result=25 blocks
Deploying policy data:
  wasmCid: bafybeifv27lklax5fa5h2jvkfkyd7ia4lt4a5phpr7fr46fwpywv2jx2oa
  secretsSchemaCid: 
  metadataCid: bafkreigfaiftjrbz2ojcbbgqx5iscawfd2d2alfmvr36ck4earfuboyph4
  expireAfter: 25 blocks 

Policy data deployed successfully at address: 0xAd76F5c6Cc5CCaEb8c7712451DF4357d922c895e

=== Step 3: Deploying policy ===
Using policyCodeHash from policy_cids.json: 0x07752f36bedabad3ee876ebefcefd258e5a759f59aa74319851a04e14fb85f04
Pinned policyCodeHash 0x07752f36bedabad3ee876ebefcefd258e5a759f59aa74319851a04e14fb85f04 in "./vaultsfyi/dist/policy_cids.json"
Deploying policy:
  entrypoint: vault_risk_rating.allow
  policyCid: bafkreihfi67optf5k2254bqwh34i3rhi6ovkjeswtx56hij5dnwxhobu6u
  schemaCid: bafkreigs3lyrndpc3hce6qadjeh3fhuh4zdg3iabsvrsal4dsgygvk7t3a
  policyData: [0xad76f5c6cc5ccaeb8c7712451df4357d922c895e]
  metadataCid: bafkreiaeu5yljk6sd2y2u72reyj74mmhuurpp2oxvmx54kvj5rhassqm7q 

Policy deployed successfully at address: 0x6A6C3ECaa0fB30e6D348Bc1E1f8C1330C72Bfbe4

=== Deploy complete ===