Loading cli config from: "/Users/alec.savoy/.newton/newton-cli.toml"
=== Step 1: Generating CIDs ===
================================================
========== Uploading All Policy Files ==========
================================================
Directory: "./webacy/dist"
policyCodeHash: 0xdde6da598393c4281e73a4606bbf315065b2120b162f23ebee6bb693d351e0ed

================================================
============ Upload policy.wasm ================
================================================
Uploading to Pinata IPFS path=./webacy/dist/policy.wasm

=== IPFS Upload Results ===
IPFS Hash: bafybeidfi7w2dmvi7bwhhlll3cxrr44wdjluoymikug3bkfyafld54lxne
Direct IPFS Link gateway_link=https://orange-useful-booby-460.mypinata.cloud/bafybeidfi7w2dmvi7bwhhlll3cxrr44wdjluoymikug3bkfyafld54lxne
Public IPFS Link: https://ipfs.io/ipfs/bafybeidfi7w2dmvi7bwhhlll3cxrr44wdjluoymikug3bkfyafld54lxne

================================================
============== Upload policy.rego ==============
================================================
Uploading to Pinata IPFS path=./webacy/dist/policy.rego

=== IPFS Upload Results ===
IPFS Hash: bafkreie33rojyfmwdi6xckjvcpsagbr325j7gvd2xe5yqpwds3tiu3yiey
Direct IPFS Link gateway_link=https://orange-useful-booby-460.mypinata.cloud/bafkreie33rojyfmwdi6xckjvcpsagbr325j7gvd2xe5yqpwds3tiu3yiey
Public IPFS Link: https://ipfs.io/ipfs/bafkreie33rojyfmwdi6xckjvcpsagbr325j7gvd2xe5yqpwds3tiu3yiey

================================================
========== Upload params_schema.json ===========
================================================
Uploading to Pinata IPFS path=./webacy/dist/params_schema.json

=== IPFS Upload Results ===
IPFS Hash: bafkreiehvq6ftylxjx6hfig7izuefpf3n3cwk2kcfvyfx67bm6rx4y6olm
Direct IPFS Link gateway_link=https://orange-useful-booby-460.mypinata.cloud/bafkreiehvq6ftylxjx6hfig7izuefpf3n3cwk2kcfvyfx67bm6rx4y6olm
Public IPFS Link: https://ipfs.io/ipfs/bafkreiehvq6ftylxjx6hfig7izuefpf3n3cwk2kcfvyfx67bm6rx4y6olm

================================================
========== Upload policy_metadata.json =========
================================================
Uploading to Pinata IPFS path=./webacy/dist/policy_metadata.json

=== IPFS Upload Results ===
IPFS Hash: bafkreibov4z2i5vggygzwgui2qckyez4lltvtipwkjdsijzd62tmoylvka
Direct IPFS Link gateway_link=https://orange-useful-booby-460.mypinata.cloud/bafkreibov4z2i5vggygzwgui2qckyez4lltvtipwkjdsijzd62tmoylvka
Public IPFS Link: https://ipfs.io/ipfs/bafkreibov4z2i5vggygzwgui2qckyez4lltvtipwkjdsijzd62tmoylvka

================================================
======== Upload policy_data_metadata.json ======
================================================
Uploading to Pinata IPFS path=./webacy/dist/policy_data_metadata.json

=== IPFS Upload Results ===
IPFS Hash: bafkreiaepo5w4bycj3iwhapzfqnorh7hpw4sf3dst2apw2rj42m3yxelge
Direct IPFS Link gateway_link=https://orange-useful-booby-460.mypinata.cloud/bafkreiaepo5w4bycj3iwhapzfqnorh7hpw4sf3dst2apw2rj42m3yxelge
Public IPFS Link: https://ipfs.io/ipfs/bafkreiaepo5w4bycj3iwhapzfqnorh7hpw4sf3dst2apw2rj42m3yxelge

================================================
========== Created policy_cids.json ============
================================================
Output file: "./webacy/dist/policy_cids.json"

{
  "wasmCid": "bafybeidfi7w2dmvi7bwhhlll3cxrr44wdjluoymikug3bkfyafld54lxne",
  "policyCid": "bafkreie33rojyfmwdi6xckjvcpsagbr325j7gvd2xe5yqpwds3tiu3yiey",
  "schemaCid": "bafkreiehvq6ftylxjx6hfig7izuefpf3n3cwk2kcfvyfx67bm6rx4y6olm",
  "entrypoint": "webacy_depositor_reputation.allow",
  "policyMetadataCid": "bafkreibov4z2i5vggygzwgui2qckyez4lltvtipwkjdsijzd62tmoylvka",
  "policyDataMetadataCid": "bafkreiaepo5w4bycj3iwhapzfqnorh7hpw4sf3dst2apw2rj42m3yxelge",
  "secretsSchemaCid": "",
  "policyCodeHash": "0xdde6da598393c4281e73a4606bbf315065b2120b162f23ebee6bb693d351e0ed"
}

=== Step 2: Deploying policy data (WASM) ===
Converting 300 seconds to blocks: block_time=12000ms (12s), result=25 blocks
Deploying policy data:
  wasmCid: bafybeidfi7w2dmvi7bwhhlll3cxrr44wdjluoymikug3bkfyafld54lxne
  secretsSchemaCid: 
  metadataCid: bafkreiaepo5w4bycj3iwhapzfqnorh7hpw4sf3dst2apw2rj42m3yxelge
  expireAfter: 25 blocks 

Policy data deployed successfully at address: 0x0FBe0e90554738f1787D803acE401a654A5FAc90

=== Step 3: Deploying policy ===
Using policyCodeHash from policy_cids.json: 0xdde6da598393c4281e73a4606bbf315065b2120b162f23ebee6bb693d351e0ed
Pinned policyCodeHash 0xdde6da598393c4281e73a4606bbf315065b2120b162f23ebee6bb693d351e0ed in "./webacy/dist/policy_cids.json"
Deploying policy:
  entrypoint: webacy_depositor_reputation.allow
  policyCid: bafkreie33rojyfmwdi6xckjvcpsagbr325j7gvd2xe5yqpwds3tiu3yiey
  schemaCid: bafkreiehvq6ftylxjx6hfig7izuefpf3n3cwk2kcfvyfx67bm6rx4y6olm
  policyData: [0x0fbe0e90554738f1787d803ace401a654a5fac90]
  metadataCid: bafkreibov4z2i5vggygzwgui2qckyez4lltvtipwkjdsijzd62tmoylvka 

Policy deployed successfully at address: 0xD2eFeAeB2B15448f73D0683Bbb347141adab3F30

=== Deploy complete ===
