Loading cli config from: "/Users/alec.savoy/.newton/newton-cli.toml"
================================================
========== Uploading All Policy Files ==========
================================================
Directory: "./chainalysis/dist"
policyCodeHash: 0x068304bb6d397b943002f4f7357b35778bba43eb30b85ec2d500c17d18c3e312

================================================
============ Upload policy.wasm ================
================================================
Uploading to Pinata IPFS path=./chainalysis/dist/policy.wasm

=== IPFS Upload Results ===
IPFS Hash: bafybeihabqf5jabjk2uc3aecf5tcy25fiu3cegs5czqz7v3nlydfmpry6m
Direct IPFS Link gateway_link=https://orange-useful-booby-460.mypinata.cloud/bafybeihabqf5jabjk2uc3aecf5tcy25fiu3cegs5czqz7v3nlydfmpry6m
Public IPFS Link: https://ipfs.io/ipfs/bafybeihabqf5jabjk2uc3aecf5tcy25fiu3cegs5czqz7v3nlydfmpry6m

================================================
============== Upload policy.rego ==============
================================================
Uploading to Pinata IPFS path=./chainalysis/dist/policy.rego

=== IPFS Upload Results ===
IPFS Hash: bafkreiemsrpgxyvr7nt3zu32y7ldscpncxcqdkmja3yydgc5ee2osvmsoe
Direct IPFS Link gateway_link=https://orange-useful-booby-460.mypinata.cloud/bafkreiemsrpgxyvr7nt3zu32y7ldscpncxcqdkmja3yydgc5ee2osvmsoe
Public IPFS Link: https://ipfs.io/ipfs/bafkreiemsrpgxyvr7nt3zu32y7ldscpncxcqdkmja3yydgc5ee2osvmsoe

================================================
========== Upload params_schema.json ===========
================================================
Uploading to Pinata IPFS path=./chainalysis/dist/params_schema.json

=== IPFS Upload Results ===
IPFS Hash: bafkreib3ab27s5gbavtzsbgzogb72ojpilsavu2c6ai7ca5xnri4vxta4m
Direct IPFS Link gateway_link=https://orange-useful-booby-460.mypinata.cloud/bafkreib3ab27s5gbavtzsbgzogb72ojpilsavu2c6ai7ca5xnri4vxta4m
Public IPFS Link: https://ipfs.io/ipfs/bafkreib3ab27s5gbavtzsbgzogb72ojpilsavu2c6ai7ca5xnri4vxta4m

================================================
========== Upload policy_metadata.json =========
================================================
Uploading to Pinata IPFS path=./chainalysis/dist/policy_metadata.json

=== IPFS Upload Results ===
IPFS Hash: bafkreigllynwu6bw4w6dmsj544exn2mjpvfynywyuuaejoce7btb4h4h5m
Direct IPFS Link gateway_link=https://orange-useful-booby-460.mypinata.cloud/bafkreigllynwu6bw4w6dmsj544exn2mjpvfynywyuuaejoce7btb4h4h5m
Public IPFS Link: https://ipfs.io/ipfs/bafkreigllynwu6bw4w6dmsj544exn2mjpvfynywyuuaejoce7btb4h4h5m

================================================
======== Upload policy_data_metadata.json ======
================================================
Uploading to Pinata IPFS path=./chainalysis/dist/policy_data_metadata.json

=== IPFS Upload Results ===
IPFS Hash: bafkreiht5oso36jwxw4wg2wnfcxiycitxsw4b2w6c6jasrippbrxxj5ahm
Direct IPFS Link gateway_link=https://orange-useful-booby-460.mypinata.cloud/bafkreiht5oso36jwxw4wg2wnfcxiycitxsw4b2w6c6jasrippbrxxj5ahm
Public IPFS Link: https://ipfs.io/ipfs/bafkreiht5oso36jwxw4wg2wnfcxiycitxsw4b2w6c6jasrippbrxxj5ahm

================================================
========== Upload secrets_schema.json ==========
================================================
Uploading to Pinata IPFS path=./chainalysis/secrets_schema.json

=== IPFS Upload Results ===
IPFS Hash: bafkreib2vimgjrakneqnmyjhduf3n2gvsku2gfn33jhnnkzru7t3qooipm
Direct IPFS Link gateway_link=https://orange-useful-booby-460.mypinata.cloud/bafkreib2vimgjrakneqnmyjhduf3n2gvsku2gfn33jhnnkzru7t3qooipm
Public IPFS Link: https://ipfs.io/ipfs/bafkreib2vimgjrakneqnmyjhduf3n2gvsku2gfn33jhnnkzru7t3qooipm

================================================
========== Created policy_cids.json ============
================================================
Output file: "./chainalysis/dist/policy_cids.json"

{
  "wasmCid": "bafybeihabqf5jabjk2uc3aecf5tcy25fiu3cegs5czqz7v3nlydfmpry6m",
  "policyCid": "bafkreiemsrpgxyvr7nt3zu32y7ldscpncxcqdkmja3yydgc5ee2osvmsoe",
  "schemaCid": "bafkreib3ab27s5gbavtzsbgzogb72ojpilsavu2c6ai7ca5xnri4vxta4m",
  "entrypoint": "chainalysis_address_screening.allow",
  "policyMetadataCid": "bafkreigllynwu6bw4w6dmsj544exn2mjpvfynywyuuaejoce7btb4h4h5m",
  "policyDataMetadataCid": "bafkreiht5oso36jwxw4wg2wnfcxiycitxsw4b2w6c6jasrippbrxxj5ahm",
  "secretsSchemaCid": "bafkreib2vimgjrakneqnmyjhduf3n2gvsku2gfn33jhnnkzru7t3qooipm",
  "policyCodeHash": "0x068304bb6d397b943002f4f7357b35778bba43eb30b85ec2d500c17d18c3e312"
}
Loading cli config from: "/Users/alec.savoy/.newton/newton-cli.toml"
Converting 300 seconds to blocks: block_time=12000ms (12s), result=25 blocks
Deploying policy data:
  wasmCid: bafybeihabqf5jabjk2uc3aecf5tcy25fiu3cegs5czqz7v3nlydfmpry6m
  secretsSchemaCid: bafkreib2vimgjrakneqnmyjhduf3n2gvsku2gfn33jhnnkzru7t3qooipm
  metadataCid: bafkreiht5oso36jwxw4wg2wnfcxiycitxsw4b2w6c6jasrippbrxxj5ahm
  expireAfter: 25 blocks 

Policy data deployed successfully at address: 0x01B43c7D916f1FcCCBDdA185497e5A2DB7a326fA
Policy Data Address: 0x01B43c7D916f1FcCCBDdA185497e5A2DB7a326fA
Loading cli config from: "/Users/alec.savoy/.newton/newton-cli.toml"
Using policyCodeHash from policy_cids.json: 0x068304bb6d397b943002f4f7357b35778bba43eb30b85ec2d500c17d18c3e312
Pinned policyCodeHash 0x068304bb6d397b943002f4f7357b35778bba43eb30b85ec2d500c17d18c3e312 in "./chainalysis/dist/policy_cids.json"
Deploying policy:
  entrypoint: chainalysis_address_screening.allow
  policyCid: bafkreiemsrpgxyvr7nt3zu32y7ldscpncxcqdkmja3yydgc5ee2osvmsoe
  schemaCid: bafkreib3ab27s5gbavtzsbgzogb72ojpilsavu2c6ai7ca5xnri4vxta4m
  policyData: [0x01b43c7d916f1fcccbdda185497e5a2db7a326fa]
  metadataCid: bafkreigllynwu6bw4w6dmsj544exn2mjpvfynywyuuaejoce7btb4h4h5m 

Policy deployed successfully at address: 0x091133448400b2Eb7Ee9DFfB294aDcC96975E617
